\BOOKMARK [1][-]{section.1}{Introduction}{}
\BOOKMARK [1][-]{section.2}{Mission Concepts}{}
\BOOKMARK [2][-]{subsection.2.1}{NSF Programs}{section.2}
\BOOKMARK [3][-]{subsubsection.2.1.1}{CubeSat: Cubesat investigating Atmospheric Density Response to Extreme driving \(CADRE\)}{subsection.2.1}
\BOOKMARK [3][-]{subsubsection.2.1.2}{CubeSat: Colorado Student Space Weather Experiment}{subsection.2.1}
\BOOKMARK [3][-]{subsubsection.2.1.3}{Collaborative Research: CubeSat\205Composition Variations in the Exosphere, Thermosphere, and Topside Ionosphere \(EXOCUBE\)}{subsection.2.1}
\BOOKMARK [2][-]{subsection.2.2}{Small Satellite Conference 2012}{section.2}
\BOOKMARK [3][-]{subsubsection.2.2.1}{Mineral Mapping of Asteroids}{subsection.2.2}
\BOOKMARK [3][-]{subsubsection.2.2.2}{Solar system escape}{subsection.2.2}
\BOOKMARK [3][-]{subsubsection.2.2.3}{Earth-Sun Sunward-of-L1 Solar Monitor}{subsection.2.2}
\BOOKMARK [3][-]{subsubsection.2.2.4}{Solar Polar Imager CubeSat Constellation}{subsection.2.2}
\BOOKMARK [3][-]{subsubsection.2.2.5}{Radio Quiet Lunar CubeSat}{subsection.2.2}
\BOOKMARK [2][-]{subsection.2.3}{Constellations of Small Satellites}{section.2}
\BOOKMARK [3][-]{subsubsection.2.3.1}{Planet Labs\220 Remote Sensing Satellite System \(2013\)MarshallPlanetLab}{subsection.2.3}
\BOOKMARK [3][-]{subsubsection.2.3.2}{Can a Constellation of CubeSats Create a Capability? Satisfying Australia\220s Future Need for Multi-Spectral Imagery \(2013\)StepanConstellationImagery}{subsection.2.3}
\BOOKMARK [3][-]{subsubsection.2.3.3}{Simultaneous Multi-Point Space Weather Measurements using the Low Cost EDSN CubeSat Constellation \(2013\)GundersonMultiptMeasureConstellation}{subsection.2.3}
\BOOKMARK [3][-]{subsubsection.2.3.4}{Small Satellite Constellations for Earth Geodesy and Aeronomy \(2013\)}{subsection.2.3}
\BOOKMARK [3][-]{subsubsection.2.3.5}{A 6U CubeSat Constellation for Atmospheric Temperature and Humidity Sounding \(2013\)SharmilaContellationTempHumidity}{subsection.2.3}
\BOOKMARK [2][-]{subsection.2.4}{Formation Flying Small Satellites}{section.2}
\BOOKMARK [3][-]{subsubsection.2.4.1}{NASA's Four Spacecraft Magnetospheric Multiscale Mission \(2013\)Klumpar4FFspacecraft}{subsection.2.4}
\BOOKMARK [3][-]{subsubsection.2.4.2}{EDSN Update \(2013\)YostMultipointMeasurement}{subsection.2.4}
\BOOKMARK [3][-]{subsubsection.2.4.3}{The CanX-4\0465 Formation Flying Mission: A Technology Pathfinder for Nanosatellite Constellations \(2013\)BoninFFCanX-45}{subsection.2.4}
\BOOKMARK [3][-]{subsubsection.2.4.4}{Small Satellite Cluster Inter-Connectivity \(2013\)RadhikaFFintercomunication}{subsection.2.4}
\BOOKMARK [3][-]{subsubsection.2.4.5}{Enabling Radio Crosslink Technology for High Performance Coordinated Constellations \(2013\)VoronkaFFCrosslink}{subsection.2.4}
\BOOKMARK [3][-]{subsubsection.2.4.6}{From Single to Formation Flying CubeSats: An Update from the Delft Programme \(2013\)GuoFFsingle2FF}{subsection.2.4}
\BOOKMARK [3][-]{subsubsection.2.4.7}{Astronomical Antenna for a Space Based Low Frequency Radio Telescope \(2013\)QuillenFFRadioTelescope}{subsection.2.4}
\BOOKMARK [3][-]{subsubsection.2.4.8}{Design of Nano-satellite Cluster Formations for Bi-Directional Reflectance Distribution Function \(BRDF\) Estimations \(2013\)NagBRDF}{subsection.2.4}
\BOOKMARK [3][-]{subsubsection.2.4.9}{Operations, Orbit Determination, and Formation Control of the AeroCube-4 CubeSats \(2013\)GangestadFFAeroForces}{subsection.2.4}
\BOOKMARK [2][-]{subsection.2.5}{Missions in which Formation Flying may be beneficial}{section.2}
\BOOKMARK [3][-]{subsubsection.2.5.1}{Design and Analysis of a Nanosatellite Platform for Orbital Debris Mitigation through Launch of Space Tether in Low Earth Orbits \(2013\)AsundiSpaceDebris}{subsection.2.5}
\BOOKMARK [3][-]{subsubsection.2.5.2}{CubeSats \205 Have They Reached Their Explorer-1 Moment? \(2013\)FreemanExoplanet}{subsection.2.5}
\BOOKMARK [3][-]{subsubsection.2.5.3}{PanelSAR: A Smallsat Radar Instrument \(2013\)DujinRadar}{subsection.2.5}
\BOOKMARK [3][-]{subsubsection.2.5.4}{Deployable Mirror for Enhanced Imagery Suitable for Small Satellite Applications \(2013\)Champagnedeployablemirror}{subsection.2.5}
\BOOKMARK [3][-]{subsubsection.2.5.5}{Versatile Structural Radiation Shielding and Thermal Insulation through Additive Manufacturing \(2013\)WrobelShielding}{subsection.2.5}
\BOOKMARK [3][-]{subsubsection.2.5.6}{Collapsible Space Telescope \(CST\) for Nanosatellite Imaging and Observation \(2013\)ElwoodCollapsibleTelescope}{subsection.2.5}
\BOOKMARK [3][-]{subsubsection.2.5.7}{Asteroid Prospector \(2013\)MuelleAsteroidProspector}{subsection.2.5}
\BOOKMARK [3][-]{subsubsection.2.5.8}{FTS CubeSat Constellation Providing 3D Winds \(2013\) Wloszek3Dwinds }{subsection.2.5}
\BOOKMARK [3][-]{subsubsection.2.5.9}{Real-Time Geolocation with a Satellite Formation \(2013\)LeiterGeoloc}{subsection.2.5}
\BOOKMARK [2][-]{subsection.2.6}{CubeSats developed by students}{section.2}
\BOOKMARK [3][-]{subsubsection.2.6.1}{The SwissCube: Results and Lessons Learned After 4 Years of Operations in Space \(2013\)RossiSwissCube}{subsection.2.6}
\BOOKMARK [2][-]{subsection.2.7}{Interesting papers}{section.2}
\BOOKMARK [3][-]{subsubsection.2.7.1}{Findings of the KECK Institute for Space Studies Program on Small Satellites: A Revolution in Space Science \(2013\)NortonKISS}{subsection.2.7}
\BOOKMARK [3][-]{subsubsection.2.7.2}{The Next Little Thing: Femtosatellites \(2013\)JansonFemtosats}{subsection.2.7}
\BOOKMARK [3][-]{subsubsection.2.7.3}{Autonomous Assembly of a Reconfiguarble Space Telescope \(AAReST\) \205 A CubeSat/Microsatellite Based Technology Demonstrator \(2013\)UnderwoodReconfigTelescope}{subsection.2.7}
\BOOKMARK [3][-]{subsubsection.2.7.4}{NASA\220s GRAIL Spacecraft Formation Flight, End of Mission Results, and Small-Satellite Applications \(2013\) EdwardGRAIL}{subsection.2.7}
\BOOKMARK [2][-]{subsection.2.8}{Predicting Earthquakes through Ionosphere Monitoring}{section.2}
\BOOKMARK [3][-]{subsubsection.2.8.1}{Mission Concept}{subsection.2.8}
\BOOKMARK [3][-]{subsubsection.2.8.2}{Abstract}{subsection.2.8}
\BOOKMARK [2][-]{subsection.2.9}{Earth Imaging for Science Applications in Emerging Countries}{section.2}
\BOOKMARK [3][-]{subsubsection.2.9.1}{Mission Concept}{subsection.2.9}
\BOOKMARK [3][-]{subsubsection.2.9.2}{Abstract}{subsection.2.9}
\BOOKMARK [2][-]{subsection.2.10}{Pinpointing the Source of Gamma Ray Bursts}{section.2}
\BOOKMARK [3][-]{subsubsection.2.10.1}{Mission Concept}{subsection.2.10}
\BOOKMARK [3][-]{subsubsection.2.10.2}{Abstract}{subsection.2.10}
\BOOKMARK [2][-]{subsection.2.11}{Observing Gamma Rays Emitted by Thunderstorms}{section.2}
\BOOKMARK [3][-]{subsubsection.2.11.1}{Mission Concept}{subsection.2.11}
\BOOKMARK [3][-]{subsubsection.2.11.2}{Abstract}{subsection.2.11}
\BOOKMARK [2][-]{subsection.2.12}{Tracking Asteroids and Satellite Debris }{section.2}
\BOOKMARK [3][-]{subsubsection.2.12.1}{Mission Concept}{subsection.2.12}
\BOOKMARK [3][-]{subsubsection.2.12.2}{Abstract}{subsection.2.12}
\BOOKMARK [2][-]{subsection.2.13}{Monitoring Atmospheric Plasma Depletion to Predict Outages in GPS and Communications}{section.2}
\BOOKMARK [3][-]{subsubsection.2.13.1}{Mission Concept}{subsection.2.13}
\BOOKMARK [3][-]{subsubsection.2.13.2}{Abstract}{subsection.2.13}
\BOOKMARK [2][-]{subsection.2.14}{Space-Based Ocean Monitoring}{section.2}
\BOOKMARK [3][-]{subsubsection.2.14.1}{Mission Concept}{subsection.2.14}
\BOOKMARK [3][-]{subsubsection.2.14.2}{Abstract}{subsection.2.14}
\BOOKMARK [2][-]{subsection.2.15}{Interferometry and Synthetic Aperture Radar Formation Flying}{section.2}
\BOOKMARK [3][-]{subsubsection.2.15.1}{Mission Concept}{subsection.2.15}
\BOOKMARK [3][-]{subsubsection.2.15.2}{Abstract}{subsection.2.15}
\BOOKMARK [2][-]{subsection.2.16}{Testing Satellite Tether Deployment and Operations}{section.2}
\BOOKMARK [3][-]{subsubsection.2.16.1}{Mission Concept}{subsection.2.16}
\BOOKMARK [3][-]{subsubsection.2.16.2}{Abstract}{subsection.2.16}
\BOOKMARK [2][-]{subsection.2.17}{Studying Sub-dwarf Stars Using a Small Telescope}{section.2}
\BOOKMARK [3][-]{subsubsection.2.17.1}{Mission Concept}{subsection.2.17}
\BOOKMARK [3][-]{subsubsection.2.17.2}{Abstract}{subsection.2.17}
\BOOKMARK [2][-]{subsection.2.18}{Completing the Map of the Earth's Electric Field}{section.2}
\BOOKMARK [3][-]{subsubsection.2.18.1}{Mission Concept}{subsection.2.18}
\BOOKMARK [3][-]{subsubsection.2.18.2}{Abstract}{subsection.2.18}
\BOOKMARK [2][-]{subsection.2.19}{Raman Spectroscopy to investigate the atmosphere}{section.2}
\BOOKMARK [3][-]{subsubsection.2.19.1}{Mission Concept}{subsection.2.19}
\BOOKMARK [3][-]{subsubsection.2.19.2}{Abstract: }{subsection.2.19}
\BOOKMARK [2][-]{subsection.2.20}{Formation Flying to Sample Volume of Magnetosphere}{section.2}
\BOOKMARK [3][-]{subsubsection.2.20.1}{Mission Concept}{subsection.2.20}
\BOOKMARK [3][-]{subsubsection.2.20.2}{Abstract}{subsection.2.20}
\BOOKMARK [2][-]{subsection.2.21}{Formation Flying Educational Platform}{section.2}
\BOOKMARK [3][-]{subsubsection.2.21.1}{Mission Concept}{subsection.2.21}
\BOOKMARK [3][-]{subsubsection.2.21.2}{Abstract}{subsection.2.21}
\BOOKMARK [2][-]{subsection.2.22}{Conclusions}{section.2}
\BOOKMARK [1][-]{section.3}{Actuators and Sensors}{}
