\BOOKMARK [1][-]{section.1}{Introduction}{}% 1
\BOOKMARK [1][-]{section.2}{Earth Science Missions}{}% 2
\BOOKMARK [2][-]{subsection.2.1}{CubeSat investigating Atmospheric Density Response to Extreme driving \(CADRE\)}{section.2}% 3
\BOOKMARK [2][-]{subsection.2.2}{Collaborative Research: CubeSat\205Composition Variations in the Exosphere, Thermosphere, and Topside Ionosphere \(EXOCUBE\)}{section.2}% 4
\BOOKMARK [2][-]{subsection.2.3}{Ionosphere Monitoring \(Concept\)}{section.2}% 5
\BOOKMARK [3][-]{subsubsection.2.3.1}{Predicting Earthquakes through Ionosphere Monitoring}{subsection.2.3}% 6
\BOOKMARK [3][-]{subsubsection.2.3.2}{Studying the Reaction of the Ionosphere to Storms }{subsection.2.3}% 7
\BOOKMARK [3][-]{subsubsection.2.3.3}{Monitoring Atmospheric Plasma Depletion to Predict Outages in GPS and Communications}{subsection.2.3}% 8
\BOOKMARK [2][-]{subsection.2.4}{Earth Imaging for Science Applications in Emerging Countries}{section.2}% 9
\BOOKMARK [2][-]{subsection.2.5}{Observing Gamma Rays Emitted by Thunderstorms}{section.2}% 10
\BOOKMARK [2][-]{subsection.2.6}{Space-Based Ocean Monitoring}{section.2}% 11
\BOOKMARK [2][-]{subsection.2.7}{Completing the Map of the Earth's Electric Field}{section.2}% 12
\BOOKMARK [2][-]{subsection.2.8}{Raman Spectroscopy to investigate the atmosphere}{section.2}% 13
\BOOKMARK [2][-]{subsection.2.9}{Formation Flying to Sample Volume of Magnetosphere}{section.2}% 14
\BOOKMARK [2][-]{subsection.2.10}{Satisfying Australia's Future Need for Multi-Spectral Imagery}{section.2}% 15
\BOOKMARK [2][-]{subsection.2.11}{Small Satellite Constellations for Earth Geodesy and Aeronomy\(Concept\)}{section.2}% 16
\BOOKMARK [2][-]{subsection.2.12}{A 6U CubeSat Constellation for Atmospheric Temperature and Humidity Sounding}{section.2}% 17
\BOOKMARK [2][-]{subsection.2.13}{Simultaneous Multi-Point Space Weather Measurements using the Low Cost EDSN CubeSat Constellation}{section.2}% 18
\BOOKMARK [2][-]{subsection.2.14}{Design of Nano-satellite Cluster Formations for Bi-Directional Reflectance Distribution Function \(BRDF\) Estimations}{section.2}% 19
\BOOKMARK [2][-]{subsection.2.15}{Design and Analysis of a Nanosatellite Platform for Orbital Debris Mitigation through Launch of Space Tether in Low Earth Orbits}{section.2}% 20
\BOOKMARK [2][-]{subsection.2.16}{Collapsible Space Telescope \(CST\) for Nanosatellite Imaging and Observation}{section.2}% 21
\BOOKMARK [2][-]{subsection.2.17}{FTS CubeSat Constellation Providing 3D Winds}{section.2}% 22
\BOOKMARK [1][-]{section.3}{Planetary Science Missions}{}% 23
\BOOKMARK [2][-]{subsection.3.1}{Mineral Mapping of Asteroids \(Concept\)}{section.3}% 24
\BOOKMARK [2][-]{subsection.3.2}{Solar system escape \(Concept\)}{section.3}% 25
\BOOKMARK [2][-]{subsection.3.3}{Radio Quiet Lunar CubeSat \(Concept\)}{section.3}% 26
\BOOKMARK [2][-]{subsection.3.4}{Tracking Asteroids and Satellite Debris }{section.3}% 27
\BOOKMARK [2][-]{subsection.3.5}{Operations, Orbit Determination, and Formation Control of the AeroCube-4 CubeSats}{section.3}% 28
\BOOKMARK [2][-]{subsection.3.6}{Asteroid Prospector}{section.3}% 29
\BOOKMARK [2][-]{subsection.3.7}{Real-Time Geolocation with a Satellite Formation}{section.3}% 30
\BOOKMARK [2][-]{subsection.3.8}{NASA\220s GRAIL Spacecraft Formation Flight, End of Mission Results, and Small-Satellite Applications}{section.3}% 31
\BOOKMARK [1][-]{section.4}{Astrophysical Missions}{}% 32
\BOOKMARK [2][-]{subsection.4.1}{Pinpointing the Source of Gamma Ray Bursts \(Concept\)}{section.4}% 33
\BOOKMARK [2][-]{subsection.4.2}{Interferometry and Synthetic Aperture Radar Formation Flying}{section.4}% 34
\BOOKMARK [2][-]{subsection.4.3}{Studying Sub-dwarf Stars Using a Small Telescope}{section.4}% 35
\BOOKMARK [2][-]{subsection.4.4}{Astronomical Antenna for a Space Based Low Frequency Radio Telescope}{section.4}% 36
\BOOKMARK [2][-]{subsection.4.5}{PanelSAR: A Smallsat Radar Instrument}{section.4}% 37
\BOOKMARK [2][-]{subsection.4.6}{Deployable Mirror for Enhanced Imagery Suitable for Small Satellite Applications}{section.4}% 38
\BOOKMARK [2][-]{subsection.4.7}{Autonomous Assembly of a Reconfigurable Space Telescope \(AAReST\) \205 A CubeSat/Microsatellite Based Technology Demonstrator}{section.4}% 39
\BOOKMARK [1][-]{section.5}{Heliophysical Missions}{}% 40
\BOOKMARK [2][-]{subsection.5.1}{Colorado Student Space Weather Experiment}{section.5}% 41
\BOOKMARK [2][-]{subsection.5.2}{Solar Polar Imager CubeSat Constellation \(Concept\)}{section.5}% 42
\BOOKMARK [2][-]{subsection.5.3}{Earth-Sun Sunward-of-L1 Solar Monitor \(Concept\)}{section.5}% 43
\BOOKMARK [1][-]{section.6}{Technology Demonstrations}{}% 44
\BOOKMARK [2][-]{subsection.6.1}{Testing Satellite Tether Deployment and Operations}{section.6}% 45
\BOOKMARK [2][-]{subsection.6.2}{The CanX-4\0465 Formation Flying Mission: A Technology Pathfinder for Nanosatellite Constellations}{section.6}% 46
\BOOKMARK [1][-]{section.7}{Our Mission Proposals}{}% 47
\BOOKMARK [2][-]{subsection.7.1}{Division of Labor in Satellite}{section.7}% 48
\BOOKMARK [2][-]{subsection.7.2}{Satellite Advertising}{section.7}% 49
\BOOKMARK [2][-]{subsection.7.3}{Orbiting Marker in Space}{section.7}% 50
\BOOKMARK [2][-]{subsection.7.4}{Graveyard Orbit Transfer Service Formation Flying Proposal}{section.7}% 51
\BOOKMARK [3][-]{subsubsection.7.4.1}{Summary}{subsection.7.4}% 52
\BOOKMARK [3][-]{subsubsection.7.4.2}{Concept of Operations}{subsection.7.4}% 53
\BOOKMARK [3][-]{subsubsection.7.4.3}{Proof of Concept CubeSat Mission}{subsection.7.4}% 54
\BOOKMARK [2][-]{subsection.7.5}{Optical Communication Mission}{section.7}% 55
\BOOKMARK [3][-]{subsubsection.7.5.1}{Summary}{subsection.7.5}% 56
\BOOKMARK [3][-]{subsubsection.7.5.2}{Motivation}{subsection.7.5}% 57
\BOOKMARK [3][-]{subsubsection.7.5.3}{Mission Concept of Operations}{subsection.7.5}% 58
\BOOKMARK [3][-]{subsubsection.7.5.4}{Possible Proof of Concept CubeSat Missions}{subsection.7.5}% 59
\BOOKMARK [2][-]{subsection.7.6}{Fixed Satellite Service in Maintenance and Repair Industry}{section.7}% 60
\BOOKMARK [3][-]{subsubsection.7.6.1}{Summary}{subsection.7.6}% 61
\BOOKMARK [3][-]{subsubsection.7.6.2}{Motivation}{subsection.7.6}% 62
\BOOKMARK [3][-]{subsubsection.7.6.3}{Concept of Operations}{subsection.7.6}% 63
\BOOKMARK [3][-]{subsubsection.7.6.4}{Proof of Concept CubeSat Mission}{subsection.7.6}% 64
\BOOKMARK [2][-]{subsection.7.7}{3D Printing Replacement Parts For Dying Satellites}{section.7}% 65
\BOOKMARK [2][-]{subsection.7.8}{Tracking Gamma Ray Bursts \(GRBs\)}{section.7}% 66
\BOOKMARK [2][-]{subsection.7.9}{Tomography of the Ionosphere/Auroras}{section.7}% 67
\BOOKMARK [2][-]{subsection.7.10}{Test Inflatable De-Orbit Device }{section.7}% 68
\BOOKMARK [2][-]{subsection.7.11}{Variable-Range Solar Coronography}{section.7}% 69
\BOOKMARK [2][-]{subsection.7.12}{CubeSat landing swarm to track and model asteroid belts}{section.7}% 70
\BOOKMARK [2][-]{subsection.7.13}{Sun Energy Collector}{section.7}% 71
\BOOKMARK [1][-]{section.8}{Actuators and Sensors}{}% 72
\BOOKMARK [2][-]{subsection.8.1}{Inertial Measurement Unit\(IMU\)}{section.8}% 73
\BOOKMARK [2][-]{subsection.8.2}{Position Estimation Sensors}{section.8}% 74
\BOOKMARK [2][-]{subsection.8.3}{Attitude Estimation Sensors}{section.8}% 75
\BOOKMARK [2][-]{subsection.8.4}{Inter-satellite Distance Sensors}{section.8}% 76
\BOOKMARK [2][-]{subsection.8.5}{Actuators}{section.8}% 77
\BOOKMARK [2][-]{subsection.8.6}{Thrusters}{section.8}% 78
\BOOKMARK [2][-]{subsection.8.7}{Potential Suppliers}{section.8}% 79
\BOOKMARK [1][-]{section.9}{Conclusions}{}% 80
