This is pdfTeX, Version 3.1415926-2.3-1.40.12 (MiKTeX 2.9 64-bit) (preloaded format=pdflatex 2012.10.28)  20 SEP 2013 11:07
entering extended mode
**main.tex

("E:\studies\UIUC\git_office_comp\Cubesats\Literature survey report new format\
main.tex"
LaTeX2e <2011/06/27>
Babel <v3.8m> and hyphenation patterns for english, afrikaans, ancientgreek, ar
abic, armenian, assamese, basque, bengali, bokmal, bulgarian, catalan, coptic, 
croatian, czech, danish, dutch, esperanto, estonian, farsi, finnish, french, ga
lician, german, german-x-2009-06-19, greek, gujarati, hindi, hungarian, iceland
ic, indonesian, interlingua, irish, italian, kannada, kurmanji, lao, latin, lat
vian, lithuanian, malayalam, marathi, mongolian, mongolianlmc, monogreek, ngerm
an, ngerman-x-2009-06-19, nynorsk, oriya, panjabi, pinyin, polish, portuguese, 
romanian, russian, sanskrit, serbian, slovak, slovenian, spanish, swedish, swis
sgerman, tamil, telugu, turkish, turkmen, ukenglish, ukrainian, uppersorbian, u
senglishmax, welsh, loaded.
("C:\Program Files\MiKTeX 2.9\tex\latex\base\article.cls"
Document Class: article 2007/10/19 v1.4h Standard LaTeX document class
("C:\Program Files\MiKTeX 2.9\tex\latex\base\size11.clo"
File: size11.clo 2007/10/19 v1.4h Standard LaTeX file (size option)
)
\c@part=\count79
\c@section=\count80
\c@subsection=\count81
\c@subsubsection=\count82
\c@paragraph=\count83
\c@subparagraph=\count84
\c@figure=\count85
\c@table=\count86
\abovecaptionskip=\skip41
\belowcaptionskip=\skip42
\bibindent=\dimen102
)
("C:\Program Files\MiKTeX 2.9\tex\latex\base\inputenc.sty"
Package: inputenc 2008/03/30 v1.1d Input encoding file
\inpenc@prehook=\toks14
\inpenc@posthook=\toks15

("C:\Program Files\MiKTeX 2.9\tex\latex\base\utf8.def"
File: utf8.def 2008/04/05 v1.1m UTF-8 support for inputenc
Now handling font encoding OML ...
... no UTF-8 mapping file for font encoding OML
Now handling font encoding T1 ...
... processing UTF-8 mapping file for font encoding T1

("C:\Program Files\MiKTeX 2.9\tex\latex\base\t1enc.dfu"
File: t1enc.dfu 2008/04/05 v1.1m UTF-8 support for inputenc
   defining Unicode char U+00A1 (decimal 161)
   defining Unicode char U+00A3 (decimal 163)
   defining Unicode char U+00AB (decimal 171)
   defining Unicode char U+00BB (decimal 187)
   defining Unicode char U+00BF (decimal 191)
   defining Unicode char U+00C0 (decimal 192)
   defining Unicode char U+00C1 (decimal 193)
   defining Unicode char U+00C2 (decimal 194)
   defining Unicode char U+00C3 (decimal 195)
   defining Unicode char U+00C4 (decimal 196)
   defining Unicode char U+00C5 (decimal 197)
   defining Unicode char U+00C6 (decimal 198)
   defining Unicode char U+00C7 (decimal 199)
   defining Unicode char U+00C8 (decimal 200)
   defining Unicode char U+00C9 (decimal 201)
   defining Unicode char U+00CA (decimal 202)
   defining Unicode char U+00CB (decimal 203)
   defining Unicode char U+00CC (decimal 204)
   defining Unicode char U+00CD (decimal 205)
   defining Unicode char U+00CE (decimal 206)
   defining Unicode char U+00CF (decimal 207)
   defining Unicode char U+00D0 (decimal 208)
   defining Unicode char U+00D1 (decimal 209)
   defining Unicode char U+00D2 (decimal 210)
   defining Unicode char U+00D3 (decimal 211)
   defining Unicode char U+00D4 (decimal 212)
   defining Unicode char U+00D5 (decimal 213)
   defining Unicode char U+00D6 (decimal 214)
   defining Unicode char U+00D8 (decimal 216)
   defining Unicode char U+00D9 (decimal 217)
   defining Unicode char U+00DA (decimal 218)
   defining Unicode char U+00DB (decimal 219)
   defining Unicode char U+00DC (decimal 220)
   defining Unicode char U+00DD (decimal 221)
   defining Unicode char U+00DE (decimal 222)
   defining Unicode char U+00DF (decimal 223)
   defining Unicode char U+00E0 (decimal 224)
   defining Unicode char U+00E1 (decimal 225)
   defining Unicode char U+00E2 (decimal 226)
   defining Unicode char U+00E3 (decimal 227)
   defining Unicode char U+00E4 (decimal 228)
   defining Unicode char U+00E5 (decimal 229)
   defining Unicode char U+00E6 (decimal 230)
   defining Unicode char U+00E7 (decimal 231)
   defining Unicode char U+00E8 (decimal 232)
   defining Unicode char U+00E9 (decimal 233)
   defining Unicode char U+00EA (decimal 234)
   defining Unicode char U+00EB (decimal 235)
   defining Unicode char U+00EC (decimal 236)
   defining Unicode char U+00ED (decimal 237)
   defining Unicode char U+00EE (decimal 238)
   defining Unicode char U+00EF (decimal 239)
   defining Unicode char U+00F0 (decimal 240)
   defining Unicode char U+00F1 (decimal 241)
   defining Unicode char U+00F2 (decimal 242)
   defining Unicode char U+00F3 (decimal 243)
   defining Unicode char U+00F4 (decimal 244)
   defining Unicode char U+00F5 (decimal 245)
   defining Unicode char U+00F6 (decimal 246)
   defining Unicode char U+00F8 (decimal 248)
   defining Unicode char U+00F9 (decimal 249)
   defining Unicode char U+00FA (decimal 250)
   defining Unicode char U+00FB (decimal 251)
   defining Unicode char U+00FC (decimal 252)
   defining Unicode char U+00FD (decimal 253)
   defining Unicode char U+00FE (decimal 254)
   defining Unicode char U+00FF (decimal 255)
   defining Unicode char U+0102 (decimal 258)
   defining Unicode char U+0103 (decimal 259)
   defining Unicode char U+0104 (decimal 260)
   defining Unicode char U+0105 (decimal 261)
   defining Unicode char U+0106 (decimal 262)
   defining Unicode char U+0107 (decimal 263)
   defining Unicode char U+010C (decimal 268)
   defining Unicode char U+010D (decimal 269)
   defining Unicode char U+010E (decimal 270)
   defining Unicode char U+010F (decimal 271)
   defining Unicode char U+0110 (decimal 272)
   defining Unicode char U+0111 (decimal 273)
   defining Unicode char U+0118 (decimal 280)
   defining Unicode char U+0119 (decimal 281)
   defining Unicode char U+011A (decimal 282)
   defining Unicode char U+011B (decimal 283)
   defining Unicode char U+011E (decimal 286)
   defining Unicode char U+011F (decimal 287)
   defining Unicode char U+0130 (decimal 304)
   defining Unicode char U+0131 (decimal 305)
   defining Unicode char U+0132 (decimal 306)
   defining Unicode char U+0133 (decimal 307)
   defining Unicode char U+0139 (decimal 313)
   defining Unicode char U+013A (decimal 314)
   defining Unicode char U+013D (decimal 317)
   defining Unicode char U+013E (decimal 318)
   defining Unicode char U+0141 (decimal 321)
   defining Unicode char U+0142 (decimal 322)
   defining Unicode char U+0143 (decimal 323)
   defining Unicode char U+0144 (decimal 324)
   defining Unicode char U+0147 (decimal 327)
   defining Unicode char U+0148 (decimal 328)
   defining Unicode char U+014A (decimal 330)
   defining Unicode char U+014B (decimal 331)
   defining Unicode char U+0150 (decimal 336)
   defining Unicode char U+0151 (decimal 337)
   defining Unicode char U+0152 (decimal 338)
   defining Unicode char U+0153 (decimal 339)
   defining Unicode char U+0154 (decimal 340)
   defining Unicode char U+0155 (decimal 341)
   defining Unicode char U+0158 (decimal 344)
   defining Unicode char U+0159 (decimal 345)
   defining Unicode char U+015A (decimal 346)
   defining Unicode char U+015B (decimal 347)
   defining Unicode char U+015E (decimal 350)
   defining Unicode char U+015F (decimal 351)
   defining Unicode char U+0160 (decimal 352)
   defining Unicode char U+0161 (decimal 353)
   defining Unicode char U+0162 (decimal 354)
   defining Unicode char U+0163 (decimal 355)
   defining Unicode char U+0164 (decimal 356)
   defining Unicode char U+0165 (decimal 357)
   defining Unicode char U+016E (decimal 366)
   defining Unicode char U+016F (decimal 367)
   defining Unicode char U+0170 (decimal 368)
   defining Unicode char U+0171 (decimal 369)
   defining Unicode char U+0178 (decimal 376)
   defining Unicode char U+0179 (decimal 377)
   defining Unicode char U+017A (decimal 378)
   defining Unicode char U+017B (decimal 379)
   defining Unicode char U+017C (decimal 380)
   defining Unicode char U+017D (decimal 381)
   defining Unicode char U+017E (decimal 382)
   defining Unicode char U+200C (decimal 8204)
   defining Unicode char U+2013 (decimal 8211)
   defining Unicode char U+2014 (decimal 8212)
   defining Unicode char U+2018 (decimal 8216)
   defining Unicode char U+2019 (decimal 8217)
   defining Unicode char U+201A (decimal 8218)
   defining Unicode char U+201C (decimal 8220)
   defining Unicode char U+201D (decimal 8221)
   defining Unicode char U+201E (decimal 8222)
   defining Unicode char U+2030 (decimal 8240)
   defining Unicode char U+2031 (decimal 8241)
   defining Unicode char U+2039 (decimal 8249)
   defining Unicode char U+203A (decimal 8250)
   defining Unicode char U+2423 (decimal 9251)
)
Now handling font encoding OT1 ...
... processing UTF-8 mapping file for font encoding OT1

("C:\Program Files\MiKTeX 2.9\tex\latex\base\ot1enc.dfu"
File: ot1enc.dfu 2008/04/05 v1.1m UTF-8 support for inputenc
   defining Unicode char U+00A1 (decimal 161)
   defining Unicode char U+00A3 (decimal 163)
   defining Unicode char U+00B8 (decimal 184)
   defining Unicode char U+00BF (decimal 191)
   defining Unicode char U+00C5 (decimal 197)
   defining Unicode char U+00C6 (decimal 198)
   defining Unicode char U+00D8 (decimal 216)
   defining Unicode char U+00DF (decimal 223)
   defining Unicode char U+00E6 (decimal 230)
   defining Unicode char U+00EC (decimal 236)
   defining Unicode char U+00ED (decimal 237)
   defining Unicode char U+00EE (decimal 238)
   defining Unicode char U+00EF (decimal 239)
   defining Unicode char U+00F8 (decimal 248)
   defining Unicode char U+0131 (decimal 305)
   defining Unicode char U+0141 (decimal 321)
   defining Unicode char U+0142 (decimal 322)
   defining Unicode char U+0152 (decimal 338)
   defining Unicode char U+0153 (decimal 339)
   defining Unicode char U+2013 (decimal 8211)
   defining Unicode char U+2014 (decimal 8212)
   defining Unicode char U+2018 (decimal 8216)
   defining Unicode char U+2019 (decimal 8217)
   defining Unicode char U+201C (decimal 8220)
   defining Unicode char U+201D (decimal 8221)
)
Now handling font encoding OMS ...
... processing UTF-8 mapping file for font encoding OMS

("C:\Program Files\MiKTeX 2.9\tex\latex\base\omsenc.dfu"
File: omsenc.dfu 2008/04/05 v1.1m UTF-8 support for inputenc
   defining Unicode char U+00A7 (decimal 167)
   defining Unicode char U+00B6 (decimal 182)
   defining Unicode char U+00B7 (decimal 183)
   defining Unicode char U+2020 (decimal 8224)
   defining Unicode char U+2021 (decimal 8225)
   defining Unicode char U+2022 (decimal 8226)
)
Now handling font encoding OMX ...
... no UTF-8 mapping file for font encoding OMX
Now handling font encoding U ...
... no UTF-8 mapping file for font encoding U
   defining Unicode char U+00A9 (decimal 169)
   defining Unicode char U+00AA (decimal 170)
   defining Unicode char U+00AE (decimal 174)
   defining Unicode char U+00BA (decimal 186)
   defining Unicode char U+02C6 (decimal 710)
   defining Unicode char U+02DC (decimal 732)
   defining Unicode char U+200C (decimal 8204)
   defining Unicode char U+2026 (decimal 8230)
   defining Unicode char U+2122 (decimal 8482)
   defining Unicode char U+2423 (decimal 9251)
))
("C:\Program Files\MiKTeX 2.9\tex\latex\amsmath\amsmath.sty"
Package: amsmath 2013/01/14 v2.14 AMS math features
\@mathmargin=\skip43

For additional information on amsmath, use the `?' option.
("C:\Program Files\MiKTeX 2.9\tex\latex\amsmath\amstext.sty"
Package: amstext 2000/06/29 v2.01

("C:\Program Files\MiKTeX 2.9\tex\latex\amsmath\amsgen.sty"
File: amsgen.sty 1999/11/30 v2.0
\@emptytoks=\toks16
\ex@=\dimen103
))
("C:\Program Files\MiKTeX 2.9\tex\latex\amsmath\amsbsy.sty"
Package: amsbsy 1999/11/29 v1.2d
\pmbraise@=\dimen104
)
("C:\Program Files\MiKTeX 2.9\tex\latex\amsmath\amsopn.sty"
Package: amsopn 1999/12/14 v2.01 operator names
)
\inf@bad=\count87
LaTeX Info: Redefining \frac on input line 210.
\uproot@=\count88
\leftroot@=\count89
LaTeX Info: Redefining \overline on input line 306.
\classnum@=\count90
\DOTSCASE@=\count91
LaTeX Info: Redefining \ldots on input line 378.
LaTeX Info: Redefining \dots on input line 381.
LaTeX Info: Redefining \cdots on input line 466.
\Mathstrutbox@=\box26
\strutbox@=\box27
\big@size=\dimen105
LaTeX Font Info:    Redeclaring font encoding OML on input line 566.
LaTeX Font Info:    Redeclaring font encoding OMS on input line 567.
\macc@depth=\count92
\c@MaxMatrixCols=\count93
\dotsspace@=\muskip10
\c@parentequation=\count94
\dspbrk@lvl=\count95
\tag@help=\toks17
\row@=\count96
\column@=\count97
\maxfields@=\count98
\andhelp@=\toks18
\eqnshift@=\dimen106
\alignsep@=\dimen107
\tagshift@=\dimen108
\tagwidth@=\dimen109
\totwidth@=\dimen110
\lineht@=\dimen111
\@envbody=\toks19
\multlinegap=\skip44
\multlinetaggap=\skip45
\mathdisplay@stack=\toks20
LaTeX Info: Redefining \[ on input line 2665.
LaTeX Info: Redefining \] on input line 2666.
)
("C:\Program Files\MiKTeX 2.9\tex\latex\amsfonts\amsfonts.sty"
Package: amsfonts 2009/06/22 v3.00 Basic AMSFonts support
\symAMSa=\mathgroup4
\symAMSb=\mathgroup5
LaTeX Font Info:    Overwriting math alphabet `\mathfrak' in version `bold'
(Font)                  U/euf/m/n --> U/euf/b/n on input line 96.
)
("C:\Program Files\MiKTeX 2.9\tex\latex\amsfonts\amssymb.sty"
Package: amssymb 2009/06/22 v3.00
)
("C:\Program Files\MiKTeX 2.9\tex\latex\graphics\graphicx.sty"
Package: graphicx 1999/02/16 v1.0f Enhanced LaTeX Graphics (DPC,SPQR)

("C:\Program Files\MiKTeX 2.9\tex\latex\graphics\keyval.sty"
Package: keyval 1999/03/16 v1.13 key=value parser (DPC)
\KV@toks@=\toks21
)
("C:\Program Files\MiKTeX 2.9\tex\latex\graphics\graphics.sty"
Package: graphics 2009/02/05 v1.0o Standard LaTeX Graphics (DPC,SPQR)

("C:\Program Files\MiKTeX 2.9\tex\latex\graphics\trig.sty"
Package: trig 1999/03/16 v1.09 sin cos tan (DPC)
)
("C:\Program Files\MiKTeX 2.9\tex\latex\00miktex\graphics.cfg"
File: graphics.cfg 2007/01/18 v1.5 graphics configuration of teTeX/TeXLive
)
Package graphics Info: Driver file: pdftex.def on input line 91.

("C:\Program Files\MiKTeX 2.9\tex\latex\pdftex-def\pdftex.def"
File: pdftex.def 2011/05/27 v0.06d Graphics/color for pdfTeX

("C:\Program Files\MiKTeX 2.9\tex\generic\oberdiek\infwarerr.sty"
Package: infwarerr 2010/04/08 v1.3 Providing info/warning/error messages (HO)
)
("C:\Program Files\MiKTeX 2.9\tex\generic\oberdiek\ltxcmds.sty"
Package: ltxcmds 2011/11/09 v1.22 LaTeX kernel commands for general use (HO)
)
\Gread@gobject=\count99
))
\Gin@req@height=\dimen112
\Gin@req@width=\dimen113
)
("C:\Program Files\MiKTeX 2.9\tex\latex\hyperref\hyperref.sty"
Package: hyperref 2012/05/13 v6.82q Hypertext links for LaTeX

("C:\Program Files\MiKTeX 2.9\tex\generic\oberdiek\hobsub-hyperref.sty"
Package: hobsub-hyperref 2012/04/25 v1.12 Bundle oberdiek, subset hyperref (HO)


("C:\Program Files\MiKTeX 2.9\tex\generic\oberdiek\hobsub-generic.sty"
Package: hobsub-generic 2012/04/25 v1.12 Bundle oberdiek, subset generic (HO)
Package: hobsub 2012/04/25 v1.12 Construct package bundles (HO)
Package hobsub Info: Skipping package `infwarerr' (already loaded).
Package hobsub Info: Skipping package `ltxcmds' (already loaded).
Package: ifluatex 2010/03/01 v1.3 Provides the ifluatex switch (HO)
Package ifluatex Info: LuaTeX not detected.
Package: ifvtex 2010/03/01 v1.5 Detect VTeX and its facilities (HO)
Package ifvtex Info: VTeX not detected.
Package: intcalc 2007/09/27 v1.1 Expandable calculations with integers (HO)
Package: ifpdf 2011/01/30 v2.3 Provides the ifpdf switch (HO)
Package ifpdf Info: pdfTeX in PDF mode is detected.
Package: etexcmds 2011/02/16 v1.5 Avoid name clashes with e-TeX commands (HO)
Package etexcmds Info: Could not find \expanded.
(etexcmds)             That can mean that you are not using pdfTeX 1.50 or
(etexcmds)             that some package has redefined \expanded.
(etexcmds)             In the latter case, load this package earlier.
Package: kvsetkeys 2012/04/25 v1.16 Key value parser (HO)
Package: kvdefinekeys 2011/04/07 v1.3 Define keys (HO)
Package: pdftexcmds 2011/11/29 v0.20 Utility functions of pdfTeX for LuaTeX (HO
)
Package pdftexcmds Info: LuaTeX not detected.
Package pdftexcmds Info: \pdf@primitive is available.
Package pdftexcmds Info: \pdf@ifprimitive is available.
Package pdftexcmds Info: \pdfdraftmode found.
Package: pdfescape 2011/11/25 v1.13 Implements pdfTeX's escape features (HO)
Package: bigintcalc 2012/04/08 v1.3 Expandable calculations on big integers (HO
)
Package: bitset 2011/01/30 v1.1 Handle bit-vector datatype (HO)
Package: uniquecounter 2011/01/30 v1.2 Provide unlimited unique counter (HO)
)
Package hobsub Info: Skipping package `hobsub' (already loaded).
Package: letltxmacro 2010/09/02 v1.4 Let assignment for LaTeX macros (HO)
Package: hopatch 2011/06/24 v1.1 Wrapper for package hooks (HO)
Package: xcolor-patch 2011/01/30 xcolor patch
Package: atveryend 2011/06/30 v1.8 Hooks at the very end of document (HO)
Package atveryend Info: \enddocument detected (standard20110627).
Package: atbegshi 2011/10/05 v1.16 At begin shipout hook (HO)
Package: refcount 2011/10/16 v3.4 Data extraction from label references (HO)
Package: hycolor 2011/01/30 v1.7 Color options for hyperref/bookmark (HO)
)
("C:\Program Files\MiKTeX 2.9\tex\generic\ifxetex\ifxetex.sty"
Package: ifxetex 2010/09/12 v0.6 Provides ifxetex conditional
)
("C:\Program Files\MiKTeX 2.9\tex\latex\oberdiek\kvoptions.sty"
Package: kvoptions 2011/06/30 v3.11 Key value format for package options (HO)
)
\@linkdim=\dimen114
\Hy@linkcounter=\count100
\Hy@pagecounter=\count101

("C:\Program Files\MiKTeX 2.9\tex\latex\hyperref\pd1enc.def"
File: pd1enc.def 2012/05/13 v6.82q Hyperref: PDFDocEncoding definition (HO)
Now handling font encoding PD1 ...
... no UTF-8 mapping file for font encoding PD1
)
\Hy@SavedSpaceFactor=\count102

("C:\Program Files\MiKTeX 2.9\tex\latex\00miktex\hyperref.cfg"
File: hyperref.cfg 2002/06/06 v1.2 hyperref configuration of TeXLive
)
Package hyperref Info: Option `colorlinks' set `true' on input line 3941.
Package hyperref Info: Hyper figures OFF on input line 4062.
Package hyperref Info: Link nesting OFF on input line 4067.
Package hyperref Info: Hyper index ON on input line 4070.
Package hyperref Info: Plain pages OFF on input line 4077.
Package hyperref Info: Backreferencing OFF on input line 4082.
Package hyperref Info: Implicit mode ON; LaTeX internals redefined.
Package hyperref Info: Bookmarks ON on input line 4300.
\c@Hy@tempcnt=\count103

("C:\Program Files\MiKTeX 2.9\tex\latex\ltxmisc\url.sty"
\Urlmuskip=\muskip11
Package: url 2006/04/12  ver 3.3  Verb mode for urls, etc.
)
LaTeX Info: Redefining \url on input line 4653.
\Fld@menulength=\count104
\Field@Width=\dimen115
\Fld@charsize=\dimen116
Package hyperref Info: Hyper figures OFF on input line 5773.
Package hyperref Info: Link nesting OFF on input line 5778.
Package hyperref Info: Hyper index ON on input line 5781.
Package hyperref Info: backreferencing OFF on input line 5788.
Package hyperref Info: Link coloring ON on input line 5791.
Package hyperref Info: Link coloring with OCG OFF on input line 5798.
Package hyperref Info: PDF/A mode OFF on input line 5803.
LaTeX Info: Redefining \ref on input line 5843.
LaTeX Info: Redefining \pageref on input line 5847.
\Hy@abspage=\count105
\c@Item=\count106
\c@Hfootnote=\count107
)

Package hyperref Message: Driver (autodetected): hpdftex.

("C:\Program Files\MiKTeX 2.9\tex\latex\hyperref\hpdftex.def"
File: hpdftex.def 2012/05/13 v6.82q Hyperref driver for pdfTeX
\Fld@listcount=\count108
\c@bookmark@seq@number=\count109

("C:\Program Files\MiKTeX 2.9\tex\latex\oberdiek\rerunfilecheck.sty"
Package: rerunfilecheck 2011/04/15 v1.7 Rerun checks for auxiliary files (HO)
Package uniquecounter Info: New unique counter `rerunfilecheck' on input line 2
82.
)
\Hy@SectionHShift=\skip46
)
("C:\Program Files\MiKTeX 2.9\tex\latex\preprint\fullpage.sty"
Package: fullpage 1999/02/23 1.1 (PWD)
\FP@margin=\skip47
)
("C:\Program Files\MiKTeX 2.9\tex\latex\float\float.sty"
Package: float 2001/11/08 v1.3d Float enhancements (AL)
\c@float@type=\count110
\float@exts=\toks22
\float@box=\box28
\@float@everytoks=\toks23
\@floatcapt=\box29
)
("C:\Program Files\MiKTeX 2.9\tex\latex\base\textcomp.sty"
Package: textcomp 2005/09/27 v1.99g Standard LaTeX package
Package textcomp Info: Sub-encoding information:
(textcomp)               5 = only ISO-Adobe without \textcurrency
(textcomp)               4 = 5 + \texteuro
(textcomp)               3 = 4 + \textohm
(textcomp)               2 = 3 + \textestimated + \textcurrency
(textcomp)               1 = TS1 - \textcircled - \t
(textcomp)               0 = TS1 (full)
(textcomp)             Font families with sub-encoding setting implement
(textcomp)             only a restricted character set as indicated.
(textcomp)             Family '?' is the default used for unknown fonts.
(textcomp)             See the documentation for details.
Package textcomp Info: Setting ? sub-encoding to TS1/1 on input line 71.

("C:\Program Files\MiKTeX 2.9\tex\latex\base\ts1enc.def"
File: ts1enc.def 2001/06/05 v3.0e (jk/car/fm) Standard LaTeX file
Now handling font encoding TS1 ...
... processing UTF-8 mapping file for font encoding TS1

("C:\Program Files\MiKTeX 2.9\tex\latex\base\ts1enc.dfu"
File: ts1enc.dfu 2008/04/05 v1.1m UTF-8 support for inputenc
   defining Unicode char U+00A2 (decimal 162)
   defining Unicode char U+00A3 (decimal 163)
   defining Unicode char U+00A4 (decimal 164)
   defining Unicode char U+00A5 (decimal 165)
   defining Unicode char U+00A6 (decimal 166)
   defining Unicode char U+00A7 (decimal 167)
   defining Unicode char U+00A8 (decimal 168)
   defining Unicode char U+00A9 (decimal 169)
   defining Unicode char U+00AA (decimal 170)
   defining Unicode char U+00AC (decimal 172)
   defining Unicode char U+00AE (decimal 174)
   defining Unicode char U+00AF (decimal 175)
   defining Unicode char U+00B0 (decimal 176)
   defining Unicode char U+00B1 (decimal 177)
   defining Unicode char U+00B2 (decimal 178)
   defining Unicode char U+00B3 (decimal 179)
   defining Unicode char U+00B4 (decimal 180)
   defining Unicode char U+00B5 (decimal 181)
   defining Unicode char U+00B6 (decimal 182)
   defining Unicode char U+00B7 (decimal 183)
   defining Unicode char U+00B9 (decimal 185)
   defining Unicode char U+00BA (decimal 186)
   defining Unicode char U+00BC (decimal 188)
   defining Unicode char U+00BD (decimal 189)
   defining Unicode char U+00BE (decimal 190)
   defining Unicode char U+00D7 (decimal 215)
   defining Unicode char U+00F7 (decimal 247)
   defining Unicode char U+0192 (decimal 402)
   defining Unicode char U+02C7 (decimal 711)
   defining Unicode char U+02D8 (decimal 728)
   defining Unicode char U+02DD (decimal 733)
   defining Unicode char U+0E3F (decimal 3647)
   defining Unicode char U+2016 (decimal 8214)
   defining Unicode char U+2020 (decimal 8224)
   defining Unicode char U+2021 (decimal 8225)
   defining Unicode char U+2022 (decimal 8226)
   defining Unicode char U+2030 (decimal 8240)
   defining Unicode char U+2031 (decimal 8241)
   defining Unicode char U+203B (decimal 8251)
   defining Unicode char U+203D (decimal 8253)
   defining Unicode char U+2044 (decimal 8260)
   defining Unicode char U+204E (decimal 8270)
   defining Unicode char U+2052 (decimal 8274)
   defining Unicode char U+20A1 (decimal 8353)
   defining Unicode char U+20A4 (decimal 8356)
   defining Unicode char U+20A6 (decimal 8358)
   defining Unicode char U+20A9 (decimal 8361)
   defining Unicode char U+20AB (decimal 8363)
   defining Unicode char U+20AC (decimal 8364)
   defining Unicode char U+20B1 (decimal 8369)
   defining Unicode char U+2103 (decimal 8451)
   defining Unicode char U+2116 (decimal 8470)
   defining Unicode char U+2117 (decimal 8471)
   defining Unicode char U+211E (decimal 8478)
   defining Unicode char U+2120 (decimal 8480)
   defining Unicode char U+2122 (decimal 8482)
   defining Unicode char U+2126 (decimal 8486)
   defining Unicode char U+2127 (decimal 8487)
   defining Unicode char U+212E (decimal 8494)
   defining Unicode char U+2190 (decimal 8592)
   defining Unicode char U+2191 (decimal 8593)
   defining Unicode char U+2192 (decimal 8594)
   defining Unicode char U+2193 (decimal 8595)
   defining Unicode char U+2329 (decimal 9001)
   defining Unicode char U+232A (decimal 9002)
   defining Unicode char U+2422 (decimal 9250)
   defining Unicode char U+25E6 (decimal 9702)
   defining Unicode char U+25EF (decimal 9711)
   defining Unicode char U+266A (decimal 9834)
))
LaTeX Info: Redefining \oldstylenums on input line 266.
Package textcomp Info: Setting cmr sub-encoding to TS1/0 on input line 281.
Package textcomp Info: Setting cmss sub-encoding to TS1/0 on input line 282.
Package textcomp Info: Setting cmtt sub-encoding to TS1/0 on input line 283.
Package textcomp Info: Setting cmvtt sub-encoding to TS1/0 on input line 284.
Package textcomp Info: Setting cmbr sub-encoding to TS1/0 on input line 285.
Package textcomp Info: Setting cmtl sub-encoding to TS1/0 on input line 286.
Package textcomp Info: Setting ccr sub-encoding to TS1/0 on input line 287.
Package textcomp Info: Setting ptm sub-encoding to TS1/4 on input line 288.
Package textcomp Info: Setting pcr sub-encoding to TS1/4 on input line 289.
Package textcomp Info: Setting phv sub-encoding to TS1/4 on input line 290.
Package textcomp Info: Setting ppl sub-encoding to TS1/3 on input line 291.
Package textcomp Info: Setting pag sub-encoding to TS1/4 on input line 292.
Package textcomp Info: Setting pbk sub-encoding to TS1/4 on input line 293.
Package textcomp Info: Setting pnc sub-encoding to TS1/4 on input line 294.
Package textcomp Info: Setting pzc sub-encoding to TS1/4 on input line 295.
Package textcomp Info: Setting bch sub-encoding to TS1/4 on input line 296.
Package textcomp Info: Setting put sub-encoding to TS1/5 on input line 297.
Package textcomp Info: Setting uag sub-encoding to TS1/5 on input line 298.
Package textcomp Info: Setting ugq sub-encoding to TS1/5 on input line 299.
Package textcomp Info: Setting ul8 sub-encoding to TS1/4 on input line 300.
Package textcomp Info: Setting ul9 sub-encoding to TS1/4 on input line 301.
Package textcomp Info: Setting augie sub-encoding to TS1/5 on input line 302.
Package textcomp Info: Setting dayrom sub-encoding to TS1/3 on input line 303.
Package textcomp Info: Setting dayroms sub-encoding to TS1/3 on input line 304.

Package textcomp Info: Setting pxr sub-encoding to TS1/0 on input line 305.
Package textcomp Info: Setting pxss sub-encoding to TS1/0 on input line 306.
Package textcomp Info: Setting pxtt sub-encoding to TS1/0 on input line 307.
Package textcomp Info: Setting txr sub-encoding to TS1/0 on input line 308.
Package textcomp Info: Setting txss sub-encoding to TS1/0 on input line 309.
Package textcomp Info: Setting txtt sub-encoding to TS1/0 on input line 310.
Package textcomp Info: Setting lmr sub-encoding to TS1/0 on input line 311.
Package textcomp Info: Setting lmdh sub-encoding to TS1/0 on input line 312.
Package textcomp Info: Setting lmss sub-encoding to TS1/0 on input line 313.
Package textcomp Info: Setting lmssq sub-encoding to TS1/0 on input line 314.
Package textcomp Info: Setting lmvtt sub-encoding to TS1/0 on input line 315.
Package textcomp Info: Setting qhv sub-encoding to TS1/0 on input line 316.
Package textcomp Info: Setting qag sub-encoding to TS1/0 on input line 317.
Package textcomp Info: Setting qbk sub-encoding to TS1/0 on input line 318.
Package textcomp Info: Setting qcr sub-encoding to TS1/0 on input line 319.
Package textcomp Info: Setting qcs sub-encoding to TS1/0 on input line 320.
Package textcomp Info: Setting qpl sub-encoding to TS1/0 on input line 321.
Package textcomp Info: Setting qtm sub-encoding to TS1/0 on input line 322.
Package textcomp Info: Setting qzc sub-encoding to TS1/0 on input line 323.
Package textcomp Info: Setting qhvc sub-encoding to TS1/0 on input line 324.
Package textcomp Info: Setting futs sub-encoding to TS1/4 on input line 325.
Package textcomp Info: Setting futx sub-encoding to TS1/4 on input line 326.
Package textcomp Info: Setting futj sub-encoding to TS1/4 on input line 327.
Package textcomp Info: Setting hlh sub-encoding to TS1/3 on input line 328.
Package textcomp Info: Setting hls sub-encoding to TS1/3 on input line 329.
Package textcomp Info: Setting hlst sub-encoding to TS1/3 on input line 330.
Package textcomp Info: Setting hlct sub-encoding to TS1/5 on input line 331.
Package textcomp Info: Setting hlx sub-encoding to TS1/5 on input line 332.
Package textcomp Info: Setting hlce sub-encoding to TS1/5 on input line 333.
Package textcomp Info: Setting hlcn sub-encoding to TS1/5 on input line 334.
Package textcomp Info: Setting hlcw sub-encoding to TS1/5 on input line 335.
Package textcomp Info: Setting hlcf sub-encoding to TS1/5 on input line 336.
Package textcomp Info: Setting pplx sub-encoding to TS1/3 on input line 337.
Package textcomp Info: Setting pplj sub-encoding to TS1/3 on input line 338.
Package textcomp Info: Setting ptmx sub-encoding to TS1/4 on input line 339.
Package textcomp Info: Setting ptmj sub-encoding to TS1/4 on input line 340.
)
("E:\studies\UIUC\git_office_comp\Cubesats\Literature survey report new format\
subscript.sty") ("C:\Program Files\MiKTeX 2.9\tex\latex\base\fontenc.sty"
Package: fontenc 2005/09/27 v1.99g Standard LaTeX package

("C:\Program Files\MiKTeX 2.9\tex\latex\base\t1enc.def"
File: t1enc.def 2005/09/27 v1.99g Standard LaTeX file
LaTeX Font Info:    Redeclaring font encoding T1 on input line 43.
))
("C:\Program Files\MiKTeX 2.9\tex\latex\subfig\subfig.sty"
Package: subfig 2005/06/28 ver: 1.3 subfig package

("C:\Program Files\MiKTeX 2.9\tex\latex\caption\caption.sty"
Package: caption 2013/05/02 v3.3-89 Customizing captions (AR)

("C:\Program Files\MiKTeX 2.9\tex\latex\caption\caption3.sty"
Package: caption3 2013/05/02 v1.6-88 caption3 kernel (AR)
Package caption3 Info: TeX engine: e-TeX on input line 57.
\captionmargin=\dimen117
\captionmargin@=\dimen118
\captionwidth=\dimen119
\caption@tempdima=\dimen120
\caption@indent=\dimen121
\caption@parindent=\dimen122
\caption@hangindent=\dimen123
)
\c@ContinuedFloat=\count111
Package caption Info: float package is loaded.
Package caption Info: hyperref package is loaded.
)
\c@KVtest=\count112
\sf@farskip=\skip48
\sf@captopadj=\dimen124
\sf@capskip=\skip49
\sf@nearskip=\skip50
\c@subfigure=\count113
\c@subfigure@save=\count114
\c@lofdepth=\count115
\c@subtable=\count116
\c@subtable@save=\count117
\c@lotdepth=\count118
\sf@top=\skip51
\sf@bottom=\skip52
)
("C:\Program Files\MiKTeX 2.9\tex\latex\multirow\multirow.sty"
\bigstrutjot=\dimen125
)
("C:\Program Files\MiKTeX 2.9\tex\latex\pdfpages\pdfpages.sty"
Package: pdfpages 2013/08/25 v0.4v Insert pages of external PDF documents (AM)

("C:\Program Files\MiKTeX 2.9\tex\latex\base\ifthen.sty"
Package: ifthen 2001/05/26 v1.1c Standard LaTeX ifthen package (DPC)
)
("C:\Program Files\MiKTeX 2.9\tex\latex\tools\calc.sty"
Package: calc 2007/08/22 v4.3 Infix arithmetic (KKT,FJ)
\calc@Acount=\count119
\calc@Bcount=\count120
\calc@Adimen=\dimen126
\calc@Bdimen=\dimen127
\calc@Askip=\skip53
\calc@Bskip=\skip54
LaTeX Info: Redefining \setlength on input line 76.
LaTeX Info: Redefining \addtolength on input line 77.
\calc@Ccount=\count121
\calc@Cskip=\skip55
)
("C:\Program Files\MiKTeX 2.9\tex\latex\eso-pic\eso-pic.sty"
Package: eso-pic 2010/10/06 v2.0c eso-pic (RN)

("C:\Program Files\MiKTeX 2.9\tex\latex\xcolor\xcolor.sty"
Package: xcolor 2007/01/21 v2.11 LaTeX color extensions (UK)

("C:\Program Files\MiKTeX 2.9\tex\latex\00miktex\color.cfg"
File: color.cfg 2007/01/18 v1.5 color configuration of teTeX/TeXLive
)
Package xcolor Info: Driver file: pdftex.def on input line 225.
Package xcolor Info: Model `cmy' substituted by `cmy0' on input line 1337.
Package xcolor Info: Model `hsb' substituted by `rgb' on input line 1341.
Package xcolor Info: Model `RGB' extended on input line 1353.
Package xcolor Info: Model `HTML' substituted by `rgb' on input line 1355.
Package xcolor Info: Model `Hsb' substituted by `hsb' on input line 1356.
Package xcolor Info: Model `tHsb' substituted by `hsb' on input line 1357.
Package xcolor Info: Model `HSB' substituted by `hsb' on input line 1358.
Package xcolor Info: Model `Gray' substituted by `gray' on input line 1359.
Package xcolor Info: Model `wave' substituted by `hsb' on input line 1360.
))
("C:\Program Files\MiKTeX 2.9\tex\latex\pdfpages\pppdftex.def"
File: pppdftex.def 2013/08/25 v0.4v Pdfpages driver for pdfTeX (AM)
)
\AM@pagebox=\box30
\AM@toc@title=\toks24
\c@AM@survey=\count122
\AM@templatesizebox=\box31
)

LaTeX Warning: Unused global option(s):
    [letter].


("E:\studies\UIUC\git_office_comp\Cubesats\Literature survey report new format\
main.aux")
LaTeX Font Info:    Checking defaults for OML/cmm/m/it on input line 30.
LaTeX Font Info:    ... okay on input line 30.
LaTeX Font Info:    Checking defaults for T1/cmr/m/n on input line 30.
LaTeX Font Info:    ... okay on input line 30.
LaTeX Font Info:    Checking defaults for OT1/cmr/m/n on input line 30.
LaTeX Font Info:    ... okay on input line 30.
LaTeX Font Info:    Checking defaults for OMS/cmsy/m/n on input line 30.
LaTeX Font Info:    ... okay on input line 30.
LaTeX Font Info:    Checking defaults for OMX/cmex/m/n on input line 30.
LaTeX Font Info:    ... okay on input line 30.
LaTeX Font Info:    Checking defaults for U/cmr/m/n on input line 30.
LaTeX Font Info:    ... okay on input line 30.
LaTeX Font Info:    Checking defaults for PD1/pdf/m/n on input line 30.
LaTeX Font Info:    ... okay on input line 30.
LaTeX Font Info:    Checking defaults for TS1/cmr/m/n on input line 30.
LaTeX Font Info:    Try loading font information for TS1+cmr on input line 30.
 ("C:\Program Files\MiKTeX 2.9\tex\latex\base\ts1cmr.fd"
File: ts1cmr.fd 1999/05/25 v2.5h Standard LaTeX font definitions
)
LaTeX Font Info:    ... okay on input line 30.

(C:\Users\Prashant\AppData\Roaming\MiKTeX\2.9\tex\context\base\supp-pdf.mkii
[Loading MPS to PDF converter (version 2006.09.02).]
\scratchcounter=\count123
\scratchdimen=\dimen128
\scratchbox=\box32
\nofMPsegments=\count124
\nofMParguments=\count125
\everyMPshowfont=\toks25
\MPscratchCnt=\count126
\MPscratchDim=\dimen129
\MPnumerator=\count127
\makeMPintoPDFobject=\count128
\everyMPtoPDFconversion=\toks26
)
\AtBeginShipoutBox=\box33
Package hyperref Info: Link coloring ON on input line 30.
 ("C:\Program Files\MiKTeX 2.9\tex\latex\hyperref\nameref.sty"
Package: nameref 2010/04/30 v2.40 Cross-referencing by name of section

("C:\Program Files\MiKTeX 2.9\tex\generic\oberdiek\gettitlestring.sty"
Package: gettitlestring 2010/12/03 v1.4 Cleanup title references (HO)
)
\c@section@level=\count129
)
LaTeX Info: Redefining \ref on input line 30.
LaTeX Info: Redefining \pageref on input line 30.
LaTeX Info: Redefining \nameref on input line 30.

("E:\studies\UIUC\git_office_comp\Cubesats\Literature survey report new format\
main.out")
("E:\studies\UIUC\git_office_comp\Cubesats\Literature survey report new format\
main.out")
\@outlinefile=\write3
Package caption Info: Begin \AtBeginDocument code.
Package caption Info: subfig package v1.3 is loaded.
Package caption Info: End \AtBeginDocument code.

("E:\studies\UIUC\git_office_comp\Cubesats\Literature survey report new format\
title_page.tex"

LaTeX Font Warning: Font shape `T1/cmr/bx/n' in size <1422.63779> not available

(Font)              size <35.83> substituted on input line 4.

<illinois_logo.png, id=275, 185.2521pt x 239.9364pt>
File: illinois_logo.png Graphic file (type png)
 <use illinois_logo.png>
Package pdftex.def Info: illinois_logo.png used on input line 23.
(pdftex.def)             Requested size: 92.62582pt x 119.9679pt.

<jpl_logo.jpg, id=276, 231.0231pt x 144.54pt>
File: jpl_logo.jpg Graphic file (type jpg)
 <use jpl_logo.jpg>
Package pdftex.def Info: jpl_logo.jpg used on input line 25.
(pdftex.def)             Requested size: 115.51126pt x 72.2698pt.
) [1

{C:/Users/Prashant/AppData/Local/MiKTeX/2.9/pdftex/config/pdftex.map} <E:/studi
es/UIUC/git_office_comp/Cubesats/Literature survey report new format/illinois_l
ogo.png> <E:/studies/UIUC/git_office_comp/Cubesats/Literature survey report new
 format/jpl_logo.jpg>]
("E:\studies\UIUC\git_office_comp\Cubesats\Literature survey report new format\
main.toc"
LaTeX Font Info:    Try loading font information for U+msa on input line 3.
 ("C:\Program Files\MiKTeX 2.9\tex\latex\amsfonts\umsa.fd"
File: umsa.fd 2009/06/22 v3.00 AMS symbols A
)
LaTeX Font Info:    Try loading font information for U+msb on input line 3.

("C:\Program Files\MiKTeX 2.9\tex\latex\amsfonts\umsb.fd"
File: umsb.fd 2009/06/22 v3.00 AMS symbols B
) [2])
\tf@toc=\write4

("E:\studies\UIUC\git_office_comp\Cubesats\Literature survey report new format\
main.lof" [3]

LaTeX Warning: Citation `imu1' on page 4 undefined on input line 6.

)
\tf@lof=\write5
 [4]
("E:\studies\UIUC\git_office_comp\Cubesats\Literature survey report new format\
introduction.tex"
Underfull \hbox (badness 10000) in paragraph at lines 2--3

 []

)
("E:\studies\UIUC\git_office_comp\Cubesats\Literature survey report new format\
missions_es.tex"
Overfull \hbox (3.85277pt too wide) in paragraph at lines 6--6
[]\T1/cmr/bx/n/12 Collaborative Re-search: CubeSat--Composition Vari-a-tions in
 the Ex-o-sphere,
 []

[5]

LaTeX Warning: Citation `Ref:Jason' on page 6 undefined on input line 16.


LaTeX Warning: Citation `Ref:Earthquake' on page 6 undefined on input line 16.


LaTeX Warning: Citation `Ref:Crowley' on page 6 undefined on input line 21.


LaTeX Warning: Citation `Ref:Fish' on page 6 undefined on input line 21.


LaTeX Warning: Citation `Ref:Blackwell' on page 6 undefined on input line 23.


LaTeX Warning: Citation `Ref:Krause' on page 6 undefined on input line 29.


LaTeX Warning: Citation `Ref:Bracikowski' on page 6 undefined on input line 29.



LaTeX Warning: Citation `Ref:Blalthazor' on page 6 undefined on input line 29.


LaTeX Warning: Citation `Ref:Harrison' on page 6 undefined on input line 34.


LaTeX Warning: Citation `Ref:Atir' on page 6 undefined on input line 34.


LaTeX Warning: Citation `Ref:Herscovitz' on page 6 undefined on input line 34.


LaTeX Warning: Citation `Ref:Kalman' on page 6 undefined on input line 34.


LaTeX Warning: Citation `Ref:Kim' on page 6 undefined on input line 34.


LaTeX Warning: Citation `Ref:Curiel' on page 6 undefined on input line 36.


LaTeX Warning: Citation `Ref:Fermi' on page 6 undefined on input line 40.


LaTeX Warning: Citation `Ref:Kitts' on page 6 undefined on input line 40.

[6]

LaTeX Warning: Citation `Ref:Lowe' on page 7 undefined on input line 44.


LaTeX Warning: Citation `Ref:Carlson' on page 7 undefined on input line 48.


LaTeX Warning: Citation `Ref:Mazzoleni' on page 7 undefined on input line 48.


LaTeX Warning: Citation `Ref:Redd' on page 7 undefined on input line 52.


LaTeX Warning: Citation `Ref:ElecMap' on page 7 undefined on input line 52.


LaTeX Warning: Citation `Ref:Cantrell' on page 7 undefined on input line 56.


LaTeX Warning: Citation `Ref:Mag3D' on page 7 undefined on input line 60.


LaTeX Warning: Citation `Ref:Clarke' on page 7 undefined on input line 60.


LaTeX Warning: Citation `Stepan_ConstellationImagery' on page 7 undefined on in
put line 65.

[7]

LaTeX Warning: Citation `Conklin_GeoAero_Constellation' on page 8 undefined on 
input line 70.


LaTeX Warning: Citation `Sharmila_ContellationTempHumid' on page 8 undefined on
 input line 74.


LaTeX Warning: Citation `Gunderson_MultiptMeasureConstellation' on page 8 undef
ined on input line 79.


LaTeX Warning: Citation `Yost_MultipointMeasurement' on page 8 undefined on inp
ut line 79.


LaTeX Warning: Citation `Nag_BRDF' on page 8 undefined on input line 84.


LaTeX Warning: Citation `Asundi_SpaceDebris' on page 8 undefined on input line 
89.

[8]

LaTeX Warning: Citation `Elwood_CollapsibleTelescope' on page 9 undefined on in
put line 93.


LaTeX Warning: Citation `Wloszek_3Dwinds' on page 9 undefined on input line 97.


)
("E:\studies\UIUC\git_office_comp\Cubesats\Literature survey report new format\
missions_ps.tex" [9]

LaTeX Warning: Citation `Ref:Carroll' on page 10 undefined on input line 22.


LaTeX Warning: Citation `Ref:Leitch' on page 10 undefined on input line 23.


LaTeX Warning: Citation `Ref:Guerrero' on page 10 undefined on input line 27.


LaTeX Warning: Citation `Ref:Tolkachev' on page 10 undefined on input line 28.


LaTeX Warning: Citation `Bonin_FF_CanX-4&5' on page 10 undefined on input line 
42.


LaTeX Warning: Citation `Gangestad_FF_AeroForces' on page 10 undefined on input
 line 56.


LaTeX Warning: Citation `Muelle_AsteroidProspector' on page 10 undefined on inp
ut line 66.

[10]

LaTeX Warning: Citation `Leiter_Geoloc' on page 11 undefined on input line 75.


LaTeX Warning: Citation `Edward_GRAIL' on page 11 undefined on input line 84.

)
("E:\studies\UIUC\git_office_comp\Cubesats\Literature survey report new format\
missions_ap.tex"

LaTeX Warning: Citation `Ref:Dill' on page 11 undefined on input line 5.


LaTeX Warning: Citation `Ref:Peterson' on page 11 undefined on input line 11.


LaTeX Warning: Citation `Ref:Nicholas' on page 11 undefined on input line 15.


LaTeX Warning: Citation `Quillen_FF_RadioTelescope' on page 11 undefined on inp
ut line 28.

[11]

LaTeX Warning: Citation `Dujin_Radar' on page 12 undefined on input line 36.


LaTeX Warning: Citation `Champagne_deployablemirror' on page 12 undefined on in
put line 49.


LaTeX Warning: Citation `Underwood_ReconfigTelescope' on page 12 undefined on i
nput line 62.

)
("E:\studies\UIUC\git_office_comp\Cubesats\Literature survey report new format\
missions_hp.tex"

LaTeX Warning: Command \textgreater invalid in math mode on input line 5.

[12])
("E:\studies\UIUC\git_office_comp\Cubesats\Literature survey report new format\
filler.tex" <mission_concepts.png, id=454, 716.6775pt x 515.67656pt>
File: mission_concepts.png Graphic file (type png)

<use mission_concepts.png>
Package pdftex.def Info: mission_concepts.png used on input line 4.
(pdftex.def)             Requested size: 469.75502pt x 338.0106pt.
 [13]
<science_req.png, id=464, 694.09312pt x 511.15968pt>
File: science_req.png Graphic file (type png)
 <use science_req.png>
Package pdftex.def Info: science_req.png used on input line 7.
(pdftex.def)             Requested size: 469.75502pt x 345.96164pt.

Overfull \vbox (222.17194pt too high) has occurred while \output is active []


[14 <E:/studies/UIUC/git_office_comp/Cubesats/Literature survey report new form
at/mission_concepts.png>] <cost_function.png, id=473, 963.6pt x 542.025pt>
File: cost_function.png Graphic file (type png)

<use cost_function.png>
Package pdftex.def Info: cost_function.png used on input line 15.
(pdftex.def)             Requested size: 469.75502pt x 264.23819pt.
 [15 <E:/studies/UIUC/git_office_comp/Cubesats/Literature survey report new for
mat/science_req.png>])
("E:\studies\UIUC\git_office_comp\Cubesats\Literature survey report new format\
missions_our_proposals.tex"
Underfull \hbox (badness 10000) in paragraph at lines 4--6

 []


Underfull \hbox (badness 10000) in paragraph at lines 7--8

 []


Underfull \hbox (badness 10000) in paragraph at lines 9--11

 []


Underfull \hbox (badness 10000) in paragraph at lines 12--13

 []

[16 <E:/studies/UIUC/git_office_comp/Cubesats/Literature survey report new form
at/cost_function.png>]

LaTeX Warning: Citation `standard' on page 17 undefined on input line 24.


LaTeX Warning: Citation `SMAD' on page 17 undefined on input line 24.


LaTeX Warning: Citation `ESA' on page 17 undefined on input line 24.


Underfull \hbox (badness 10000) in paragraph at lines 34--35

 []

[17]

LaTeX Warning: Citation `Ref:Dill' on page 18 undefined on input line 41.


LaTeX Warning: Citation `Ref:Fermi' on page 18 undefined on input line 43.


LaTeX Warning: Citation `Ref:Kitts' on page 18 undefined on input line 43.


LaTeX Warning: Citation `Ref:Krause' on page 18 undefined on input line 52.


LaTeX Warning: Citation `Ref:Bracikowski' on page 18 undefined on input line 52
.


LaTeX Warning: Citation `Ref:Blalthazor' on page 18 undefined on input line 54.


[18]

LaTeX Warning: Citation `LASCO_Coronal_Imaging_Spectroscopy' on page 19 undefin
ed on input line 116.


LaTeX Warning: Citation `LASCO_Coronal_Imaging_Spectroscopy' on page 19 undefin
ed on input line 116.

[19]
File: jpl_logo.jpg Graphic file (type jpg)
 <use jpl_logo.jpg>
Package pdftex.def Info: jpl_logo.jpg used on input line 164.
(pdftex.def)             Requested size: 184.81871pt x 115.63214pt.
File: jpl_logo.jpg Graphic file (type jpg)
 <use jpl_logo.jpg>
Package pdftex.def Info: jpl_logo.jpg used on input line 179.
(pdftex.def)             Requested size: 173.26689pt x 108.40471pt.

Overfull \hbox (30.34445pt too wide) in paragraph at lines 190--219
 [][] 
 []

[20] [21])
("E:\studies\UIUC\git_office_comp\Cubesats\Literature survey report new format\
sensors_actuators_david_bin.tex" [22]
Underfull \hbox (badness 10000) in paragraph at lines 28--29

 []


Underfull \hbox (badness 10000) in paragraph at lines 28--29

 []

<IMU/siliconSensing_IMU.PNG, id=535, 721.94719pt x 223.58531pt>
File: IMU/siliconSensing_IMU.PNG Graphic file (type png)

<use IMU/siliconSensing_IMU.PNG>
Package pdftex.def Info: IMU/siliconSensing_IMU.PNG used on input line 33.
(pdftex.def)             Requested size: 433.17165pt x 134.1522pt.


LaTeX Warning: Citation `imu1' on page 23 undefined on input line 34.


LaTeX Warning: Citation `imu1' on page 23 undefined on input line 34.

<IMU/AnalogDevices_Full_List.pdf, id=536, 794.97pt x 596.2275pt>
File: IMU/AnalogDevices_Full_List.pdf Graphic file (type pdf)

<use IMU/AnalogDevices_Full_List.pdf>
Package pdftex.def Info: IMU/AnalogDevices_Full_List.pdf used on input line 39.

(pdftex.def)             Requested size: 794.96806pt x 596.22604pt.
File: IMU/AnalogDevices_Full_List.pdf Graphic file (type pdf)
 <use IMU/AnalogDevices_Full_List.pdf>
Package pdftex.def Info: IMU/AnalogDevices_Full_List.pdf used on input line 39.

(pdftex.def)             Requested size: 794.96806pt x 596.22604pt.
File: IMU/AnalogDevices_Full_List.pdf Graphic file (type pdf)

<use IMU/AnalogDevices_Full_List.pdf>
Package pdftex.def Info: IMU/AnalogDevices_Full_List.pdf used on input line 39.

(pdftex.def)             Requested size: 794.96806pt x 596.22604pt.
 [23 <E:/studies/UIUC/git_office_comp/Cubesats/Literature survey report new for
mat/IMU/siliconSensing_IMU.PNG>]
<IMU/AnalogDevices_Full_List.pdf, id=545, page=1, 794.97pt x 596.2275pt>
File: IMU/AnalogDevices_Full_List.pdf Graphic file (type pdf)

<use IMU/AnalogDevices_Full_List.pdf, page 1>
Package pdftex.def Info: IMU/AnalogDevices_Full_List.pdf, page1 used on input l
ine 39.
(pdftex.def)             Requested size: 794.96806pt x 596.22604pt.
File: IMU/AnalogDevices_Full_List.pdf Graphic file (type pdf)

<use IMU/AnalogDevices_Full_List.pdf, page 1>
Package pdftex.def Info: IMU/AnalogDevices_Full_List.pdf, page1 used on input l
ine 39.
(pdftex.def)             Requested size: 615.04005pt x 461.28004pt.
File: IMU/AnalogDevices_Full_List.pdf Graphic file (type pdf)

<use IMU/AnalogDevices_Full_List.pdf, page 1>
Package pdftex.def Info: IMU/AnalogDevices_Full_List.pdf, page1 used on input l
ine 39.
(pdftex.def)             Requested size: 615.04005pt x 461.28004pt.
File: IMU/AnalogDevices_Full_List.pdf Graphic file (type pdf)

<use IMU/AnalogDevices_Full_List.pdf, page 1>
Package pdftex.def Info: IMU/AnalogDevices_Full_List.pdf, page1 used on input l
ine 39.
(pdftex.def)             Requested size: 615.04005pt x 461.28004pt.
File: IMU/AnalogDevices_Full_List.pdf Graphic file (type pdf)

<use IMU/AnalogDevices_Full_List.pdf, page 1>
Package pdftex.def Info: IMU/AnalogDevices_Full_List.pdf, page1 used on input l
ine 39.
(pdftex.def)             Requested size: 615.04005pt x 461.28004pt.
 [24 <E:/studies/UIUC/git_office_comp/Cubesats/Literature survey report new for
mat/IMU/AnalogDevices_Full_List.pdf>] <IMU/AnalogDevices_Full_List.pdf, id=589,
 page=2, 794.97pt x 596.2275pt>
File: IMU/AnalogDevices_Full_List.pdf Graphic file (type pdf)

<use IMU/AnalogDevices_Full_List.pdf, page 2>
Package pdftex.def Info: IMU/AnalogDevices_Full_List.pdf, page2 used on input l
ine 39.
(pdftex.def)             Requested size: 615.04005pt x 461.28004pt.
File: IMU/AnalogDevices_Full_List.pdf Graphic file (type pdf)

<use IMU/AnalogDevices_Full_List.pdf, page 2>
Package pdftex.def Info: IMU/AnalogDevices_Full_List.pdf, page2 used on input l
ine 39.
(pdftex.def)             Requested size: 615.04005pt x 461.28004pt.
File: IMU/AnalogDevices_Full_List.pdf Graphic file (type pdf)

<use IMU/AnalogDevices_Full_List.pdf, page 2>
Package pdftex.def Info: IMU/AnalogDevices_Full_List.pdf, page2 used on input l
ine 39.
(pdftex.def)             Requested size: 615.04005pt x 461.28004pt.
 [25 <E:/studies/UIUC/git_office_comp/Cubesats/Literature survey report new for
mat/IMU/AnalogDevices_Full_List.pdf>]

LaTeX Warning: Citation `imu2' on page 26 undefined on input line 40.


LaTeX Warning: Citation `Gangestad' on page 26 undefined on input line 51.


Underfull \hbox (badness 10000) in paragraph at lines 51--51
[]\T1/cmr/m/n/10.95 Aerocube-4
 []


LaTeX Warning: Citation `Prokhorov' on page 26 undefined on input line 53.


Underfull \hbox (badness 10000) in paragraph at lines 53--53
[]\T1/cmr/m/n/10.95 Nano Star
 []


Underfull \hbox (badness 3780) in paragraph at lines 53--53
\T1/cmr/m/n/10.95 Tracker on
 []


Underfull \hbox (badness 1448) in paragraph at lines 53--53
\T1/cmr/m/n/10.95 out Peltier cooler 250mW),
 []


Package caption Warning: The option `hypcap=true' will be ignored for this
(caption)                particular \caption on input line 55.
See the caption package documentation for explanation.


Overfull \hbox (36.78699pt too wide) in paragraph at lines 46--55
 [] 
 []

<attitude_control.png, id=603, 588.69937pt x 380.92313pt>
File: attitude_control.png Graphic file (type png)

<use attitude_control.png>
Package pdftex.def Info: attitude_control.png used on input line 61.
(pdftex.def)             Requested size: 469.75502pt x 303.96004pt.

Overfull \hbox (3.5303pt too wide) in paragraph at lines 67--67
[]\T1/cmr/bx/n/10.95 Comment| 
 []


LaTeX Warning: Citation `BCT' on page 26 undefined on input line 69.


Underfull \hbox (badness 10000) in paragraph at lines 69--69
\T1/cmr/m/n/10.95 Tech-nolo-gies
 []


Underfull \hbox (badness 10000) in paragraph at lines 69--69
\T1/cmr/m/n/10.95 Nano Star
 []


Underfull \hbox (badness 10000) in paragraph at lines 69--69
[]\T1/cmr/m/n/10.95 <0.5
 []


Underfull \hbox (badness 10000) in paragraph at lines 69--69
[]\T1/cmr/m/n/10.95 <0.5W
 []


Underfull \hbox (badness 10000) in paragraph at lines 69--69
\T1/cmr/m/n/10.95 power
 []


Underfull \hbox (badness 10000) in paragraph at lines 69--69
\T1/cmr/m/n/10.95 con-sump-
 []


LaTeX Warning: Citation `aes2' on page 26 undefined on input line 71.


Underfull \hbox (badness 10000) in paragraph at lines 71--71
[]\T1/cmr/m/n/10.95 SD085-23-21-
 []


LaTeX Warning: Citation `aes3' on page 26 undefined on input line 73.


Underfull \hbox (badness 10000) in paragraph at lines 73--73
[]\T1/cmr/m/n/10.95 Melexis
 []


Underfull \hbox (badness 10000) in paragraph at lines 73--73
\T1/cmr/m/n/10.95 MLX90615
 []


LaTeX Warning: Citation `aes4' on page 26 undefined on input line 76.


Underfull \hbox (badness 10000) in paragraph at lines 76--76
[]\T1/cmr/m/n/10.95 Honeywell
 []


LaTeX Warning: Citation `aes5' on page 26 undefined on input line 78.


Underfull \hbox (badness 10000) in paragraph at lines 78--78
[]\T1/cmr/m/n/10.95 Honeywell
 []


Underfull \hbox (badness 10000) in paragraph at lines 78--78
\T1/cmr/m/n/10.95 HMC1041Z
 []


LaTeX Warning: Citation `SMI' on page 26 undefined on input line 80.


Underfull \hbox (badness 3019) in paragraph at lines 80--80
[]\T1/cmr/m/n/10.95 Space Mi-cro
 []


Underfull \hbox (badness 10000) in paragraph at lines 80--80
\T1/cmr/m/n/10.95 Coarse Sun
 []


Underfull \hbox (badness 10000) in paragraph at lines 80--80
[]\T1/cmr/m/n/10.95 1.27 cm
 []


Underfull \hbox (badness 10000) in paragraph at lines 80--80
\T1/cmr/m/n/10.95 di-am-e-ter
 []


Underfull \hbox (badness 2512) in paragraph at lines 80--80
\T1/cmr/m/n/10.95 x 0.90 cm
 []


LaTeX Warning: Citation `SMI' on page 26 undefined on input line 82.


Underfull \hbox (badness 3019) in paragraph at lines 82--82
[]\T1/cmr/m/n/10.95 Space Mi-cro
 []


Underfull \hbox (badness 10000) in paragraph at lines 82--82
[]\T1/cmr/m/n/10.95 2.43 cm
 []


Underfull \hbox (badness 10000) in paragraph at lines 82--82
\T1/cmr/m/n/10.95 di-am-e-ter
 []


Underfull \hbox (badness 2512) in paragraph at lines 82--82
\T1/cmr/m/n/10.95 x 3.49 cm
 []


LaTeX Warning: Citation `BST' on page 26 undefined on input line 84.


Underfull \hbox (badness 1314) in paragraph at lines 84--84
[]\T1/cmr/m/n/10.95 Berlin Space
 []


Underfull \hbox (badness 10000) in paragraph at lines 84--84
\T1/cmr/m/n/10.95 Tech-nolo-gies
 []


LaTeX Warning: Citation `CubeShop' on page 26 undefined on input line 86.


Underfull \hbox (badness 5388) in paragraph at lines 86--86
[]\T1/cmr/m/n/10.95 Digital Fine
 []


Underfull \hbox (badness 10000) in paragraph at lines 86--86
\T1/cmr/m/n/10.95 Sun Sen-sor
 []


Underfull \hbox (badness 10000) in paragraph at lines 86--86
\T1/cmr/m/n/10.95 Cube-Sat-
 []


Underfull \hbox (badness 6876) in paragraph at lines 86--86
[]\T1/cmr/m/n/10.95 34 mm x
 []


LaTeX Warning: Citation `CubeShop' on page 26 undefined on input line 88.


Overfull \hbox (4.63017pt too wide) in paragraph at lines 88--88
[]\T1/cmr/m/n/10.95 Magnetometer
 []


Underfull \hbox (badness 10000) in paragraph at lines 88--88
[]\T1/cmr/m/n/10.95 15 g
 []


Underfull \hbox (badness 10000) in paragraph at lines 88--88
\T1/cmr/m/n/10.95 sen-sor,
 []


Underfull \hbox (badness 10000) in paragraph at lines 88--88
\T1/cmr/m/n/10.95 150 g
 []


Underfull \hbox (badness 10000) in paragraph at lines 88--88
\T1/cmr/m/n/10.95 elec-
 []


Underfull \hbox (badness 3735) in paragraph at lines 88--88
\T1/cmr/m/n/10.95 x 10 x 5
 []


Underfull \hbox (badness 5022) in paragraph at lines 88--88
\T1/cmr/m/n/10.95 mm, Elec-
 []


Underfull \hbox (badness 1281) in paragraph at lines 88--88
\T1/cmr/m/n/10.95 x 30 x 11
 []


LaTeX Warning: Citation `CubeShop' on page 26 undefined on input line 90.


Package caption Warning: The option `hypcap=true' will be ignored for this
(caption)                particular \caption on input line 93.
See the caption package documentation for explanation.


Overfull \hbox (52.3515pt too wide) in paragraph at lines 64--93
 [] 
 []

[26 <E:/studies/UIUC/git_office_comp/Cubesats/Literature survey report new form
at/attitude_control.png>]

LaTeX Warning: Citation `Ref:ids2' on page 27 undefined on input line 106.


LaTeX Warning: Citation `Ref:ids1' on page 27 undefined on input line 108.


Underfull \hbox (badness 10000) in paragraph at lines 108--108
[]\T1/cmr/m/n/10.95 IBIS4-1300
 []


Package caption Warning: The option `hypcap=true' will be ignored for this
(caption)                particular \caption on input line 110.
See the caption package documentation for explanation.


Overfull \hbox (61.92358pt too wide) in paragraph at lines 101--110
 [] 
 []

[27]
Underfull \hbox (badness 10000) in paragraph at lines 116--117

 []


LaTeX Warning: Citation `Gangestad' on page 28 undefined on input line 123.


Underfull \hbox (badness 10000) in paragraph at lines 123--123
[]\T1/cmr/m/n/10.95 Aerocube-4
 []


Underfull \hbox (badness 10000) in paragraph at lines 123--123
\T1/cmr/m/n/10.95 Re-tractable
 []


Underfull \hbox (badness 10000) in paragraph at lines 123--123
[]\T1/cmr/m/n/10.95 2 wings,
 []


Underfull \hbox (badness 10000) in paragraph at lines 123--123
\T1/cmr/m/n/10.95 each
 []


Underfull \hbox (badness 10000) in paragraph at lines 123--123
[]\T1/cmr/m/n/10.95 Extending
 []


LaTeX Warning: Citation `BCT' on page 28 undefined on input line 125.


Underfull \hbox (badness 10000) in paragraph at lines 125--125
[]\T1/cmr/m/n/10.95 Blue
 []


Underfull \hbox (badness 10000) in paragraph at lines 125--125
\T1/cmr/m/n/10.95 Canyon
 []


Underfull \hbox (badness 10000) in paragraph at lines 125--125
\T1/cmr/m/n/10.95 Tech-nolo-
 []


Underfull \hbox (badness 10000) in paragraph at lines 125--125
\T1/cmr/m/n/10.95 gies Mi-cro
 []


Underfull \hbox (badness 10000) in paragraph at lines 125--125
\T1/cmr/m/n/10.95 Re-ac-tion
 []


Underfull \hbox (badness 10000) in paragraph at lines 125--125
[]\T1/cmr/m/n/10.95 43x43x18
 []


Underfull \hbox (badness 10000) in paragraph at lines 125--125
[]\T1/cmr/m/n/10.95 Reaction
 []


LaTeX Warning: Citation `BCT' on page 28 undefined on input line 127.


Underfull \hbox (badness 10000) in paragraph at lines 127--127
[]\T1/cmr/m/n/10.95 BCT In-
 []


Underfull \hbox (badness 10000) in paragraph at lines 127--127
\T1/cmr/m/n/10.95 te-grated
 []


Underfull \hbox (badness 10000) in paragraph at lines 127--127
\T1/cmr/m/n/10.95 At-ti-tude
 []


Underfull \hbox (badness 1308) in paragraph at lines 127--127
\T1/cmr/m/n/10.95 Con-trol for
 []


Underfull \hbox (badness 10000) in paragraph at lines 127--127
\T1/cmr/m/n/10.95 Cube-sats
 []


Underfull \hbox (badness 10000) in paragraph at lines 127--127
[]\T1/cmr/m/n/10.95 < 0.7
 []


Underfull \hbox (badness 3792) in paragraph at lines 127--127
[]\T1/cmr/m/n/10.95 < 10x10x5
 []


Underfull \hbox (badness 10000) in paragraph at lines 127--127
[]\T1/cmr/m/n/10.95 Spacecraft
 []


Underfull \hbox (badness 10000) in paragraph at lines 127--127
\T1/cmr/m/n/10.95 Point-ing
 []


Underfull \hbox (badness 10000) in paragraph at lines 127--127
\T1/cmr/m/n/10.95 Ac-cu-racy:
 []


Underfull \hbox (badness 10000) in paragraph at lines 127--127
\T1/cmr/m/n/10.95 0.003 deg
 []


Underfull \hbox (badness 1152) in paragraph at lines 127--127
\T1/cmr/m/n/10.95 axes, 0.007
 []


Underfull \hbox (badness 4886) in paragraph at lines 127--127
\T1/cmr/m/n/10.95 deg (1-sig)
 []


Underfull \hbox (badness 10000) in paragraph at lines 127--127
\T1/cmr/m/n/10.95 In-te-gra-tion
 []


LaTeX Warning: Citation `Sinclair' on page 28 undefined on input line 129.


Underfull \hbox (badness 10000) in paragraph at lines 129--129
[]\T1/cmr/m/n/10.95 Sinclair
 []


Underfull \hbox (badness 10000) in paragraph at lines 129--129
\T1/cmr/m/n/10.95 In-ter-
 []


Underfull \hbox (badness 10000) in paragraph at lines 129--129
\T1/cmr/m/n/10.95 plan-e-tary
 []


Underfull \hbox (badness 10000) in paragraph at lines 129--129
\T1/cmr/m/n/10.95 RW-0.007-4
 []


Underfull \hbox (badness 6876) in paragraph at lines 129--129
[]\T1/cmr/m/n/10.95 50 mm x
 []


Underfull \hbox (badness 10000) in paragraph at lines 129--129
[]\T1/cmr/m/n/10.95 Reaction
 []


Underfull \hbox (badness 7649) in paragraph at lines 129--129
[]\T1/cmr/m/n/10.95 Nominal Torque 1 mNm,
 []


LaTeX Warning: Citation `Sinclair' on page 28 undefined on input line 131.


Underfull \hbox (badness 10000) in paragraph at lines 131--131
[]\T1/cmr/m/n/10.95 Sinclair
 []


Underfull \hbox (badness 10000) in paragraph at lines 131--131
\T1/cmr/m/n/10.95 In-ter-
 []


Underfull \hbox (badness 10000) in paragraph at lines 131--131
\T1/cmr/m/n/10.95 plan-e-tary
 []


Underfull \hbox (badness 10000) in paragraph at lines 131--131
\T1/cmr/m/n/10.95 RW-0.01-4
 []


Underfull \hbox (badness 6876) in paragraph at lines 131--131
[]\T1/cmr/m/n/10.95 50 mm x
 []


Underfull \hbox (badness 10000) in paragraph at lines 131--131
[]\T1/cmr/m/n/10.95 Reaction
 []


Underfull \hbox (badness 7649) in paragraph at lines 131--131
[]\T1/cmr/m/n/10.95 Nominal Torque 1 mNm,
 []


Underfull \hbox (badness 10000) in paragraph at lines 131--131
\T1/cmr/m/n/10.95 Nom-i-nal Mo-men-tum 10
 []


Overfull \hbox (48.14944pt too wide) in paragraph at lines 119--134
 [] 
 []

[28]

LaTeX Warning: Citation `Sinclair' on page 29 undefined on input line 140.


Underfull \hbox (badness 10000) in paragraph at lines 140--140
[]\T1/cmr/m/n/10.95 Sinclair
 []


Underfull \hbox (badness 10000) in paragraph at lines 140--140
\T1/cmr/m/n/10.95 In-ter-
 []


Underfull \hbox (badness 10000) in paragraph at lines 140--140
\T1/cmr/m/n/10.95 plan-e-tary
 []


Underfull \hbox (badness 10000) in paragraph at lines 140--140
\T1/cmr/m/n/10.95 RW-0.03-4
 []


Underfull \hbox (badness 6876) in paragraph at lines 140--140
[]\T1/cmr/m/n/10.95 50 mm x
 []


Underfull \hbox (badness 10000) in paragraph at lines 140--140
[]\T1/cmr/m/n/10.95 Reaction
 []


Underfull \hbox (badness 7649) in paragraph at lines 140--140
[]\T1/cmr/m/n/10.95 Nominal Torque 2 mNm,
 []


Underfull \hbox (badness 10000) in paragraph at lines 140--140
\T1/cmr/m/n/10.95 Nom-i-nal Mo-men-tum 30
 []


LaTeX Warning: Citation `BST' on page 29 undefined on input line 142.


Underfull \hbox (badness 10000) in paragraph at lines 142--142
[]\T1/cmr/m/n/10.95 Berlin
 []


Underfull \hbox (badness 10000) in paragraph at lines 142--142
\T1/cmr/m/n/10.95 nolo-gies
 []


Underfull \hbox (badness 10000) in paragraph at lines 142--142
\T1/cmr/m/n/10.95 iACDS-100
 []


Underfull \hbox (badness 6876) in paragraph at lines 142--142
[]\T1/cmr/m/n/10.95 95 mm x
 []


Underfull \hbox (badness 10000) in paragraph at lines 142--142
[]\T1/cmr/m/n/10.95 <<1$[]$ point-
 []


Underfull \hbox (badness 10000) in paragraph at lines 142--142
\T1/cmr/m/n/10.95 ing,(30
 []


Underfull \hbox (badness 10000) in paragraph at lines 142--142
\T1/cmr/m/n/10.95 arc-sec in
 []


Underfull \hbox (badness 10000) in paragraph at lines 142--142
\T1/cmr/m/n/10.95 Pitch/Yaw,
 []


Underfull \hbox (badness 10000) in paragraph at lines 142--142
\T1/cmr/m/n/10.95 and 200
 []


Underfull \hbox (badness 10000) in paragraph at lines 142--142
\T1/cmr/m/n/10.95 arc-sec in
 []


Underfull \hbox (badness 10000) in paragraph at lines 142--142
\T1/cmr/m/n/10.95 De-ter-mi-na-
 []


Underfull \hbox (badness 10000) in paragraph at lines 142--142
[]\T1/cmr/m/n/10.95 Integrated
 []


Underfull \hbox (badness 10000) in paragraph at lines 142--142
\T1/cmr/m/n/10.95 ACDS
 []


Underfull \hbox (badness 10000) in paragraph at lines 142--142
[]\T1/cmr/m/n/10.95 Power (Nom/Peak):
 []


Underfull \hbox (badness 4981) in paragraph at lines 142--142
\T1/cmr/m/n/10.95 0.5W/1.8W, Ac-tu-a-tors: 3
 []


Underfull \hbox (badness 5403) in paragraph at lines 142--142
\T1/cmr/m/n/10.95 Re-ac-tion Wheels, 3 Mag-
 []


Underfull \hbox (badness 10000) in paragraph at lines 142--142
\T1/cmr/m/n/10.95 ne-tor-quer, Sen-sors: Star
 []


LaTeX Warning: Citation `CubeShop' on page 29 undefined on input line 144.


Underfull \hbox (badness 10000) in paragraph at lines 144--144
[]\T1/cmr/m/n/10.95 MAI-400
 []


Underfull \hbox (badness 10000) in paragraph at lines 144--144
\T1/cmr/m/n/10.95 ADACS
 []


Underfull \hbox (badness 10000) in paragraph at lines 144--144
\T1/cmr/m/n/10.95 Cube-Sat-
 []


Underfull \hbox (badness 10000) in paragraph at lines 144--144
[]\T1/cmr/m/n/10.95 Integrated
 []


Underfull \hbox (badness 10000) in paragraph at lines 144--144
\T1/cmr/m/n/10.95 ACDS
 []


LaTeX Warning: Citation `CubeShop' on page 29 undefined on input line 146.


Underfull \hbox (badness 10000) in paragraph at lines 146--146
[]\T1/cmr/m/n/10.95 MAI-300
 []


Underfull \hbox (badness 10000) in paragraph at lines 146--146
\T1/cmr/m/n/10.95 Re-ac-tion
 []


Underfull \hbox (badness 10000) in paragraph at lines 146--146
[]\T1/cmr/m/n/10.95 Reaction
 []


LaTeX Warning: Citation `CubeShop' on page 29 undefined on input line 148.


Underfull \hbox (badness 10000) in paragraph at lines 148--148
[]\T1/cmr/m/n/10.95 MAI-201
 []


Underfull \hbox (badness 10000) in paragraph at lines 148--148
\T1/cmr/m/n/10.95 Minia-ture
 []


Underfull \hbox (badness 10000) in paragraph at lines 148--148
\T1/cmr/m/n/10.95 3-Axis
 []


Underfull \hbox (badness 10000) in paragraph at lines 148--148
\T1/cmr/m/n/10.95 Re-ac-tion
 []


Underfull \hbox (badness 10000) in paragraph at lines 148--148
[]\T1/cmr/m/n/10.95 Reaction
 []


LaTeX Warning: Citation `CubeShop' on page 29 undefined on input line 150.


Underfull \hbox (badness 10000) in paragraph at lines 150--150
[]\T1/cmr/m/n/10.95 MAI-200
 []


Underfull \hbox (badness 1748) in paragraph at lines 150--150
[]\T1/cmr/m/n/10.95 100 mm x
 []


Underfull \hbox (badness 1748) in paragraph at lines 150--150
\T1/cmr/m/n/10.95 100 mm x
 []


Underfull \hbox (badness 10000) in paragraph at lines 150--150
[]\T1/cmr/m/n/10.95 Integrated
 []


Underfull \hbox (badness 10000) in paragraph at lines 150--150
\T1/cmr/m/n/10.95 ACDS
 []


Package caption Warning: The option `hypcap=true' will be ignored for this
(caption)                particular \caption on input line 152.
See the caption package documentation for explanation.


Overfull \hbox (48.14944pt too wide) in paragraph at lines 137--152
 [] 
 []

[29]
Underfull \hbox (badness 10000) in paragraph at lines 155--156

 []


Underfull \hbox (badness 10000) in paragraph at lines 163--163
[]\T1/cmr/m/n/10.95 Clyde
 []


Underfull \hbox (badness 10000) in paragraph at lines 163--163
\T1/cmr/m/n/10.95 Z-Axis
 []


Underfull \hbox (badness 10000) in paragraph at lines 163--163
\T1/cmr/m/n/10.95 Mag-ne-tor-
 []


Underfull \hbox (badness 10000) in paragraph at lines 165--165
\T1/cmr/m/n/10.95 ne-tor-quer
 []


LaTeX Warning: Citation `CubeShop' on page 30 undefined on input line 167.


Underfull \hbox (badness 10000) in paragraph at lines 167--167
[]\T1/cmr/m/n/10.95 CubeSat
 []


Underfull \hbox (badness 10000) in paragraph at lines 167--167
\T1/cmr/m/n/10.95 Mag-ne-tor-
 []


Underfull \hbox (badness 10000) in paragraph at lines 167--167
\T1/cmr/m/n/10.95 quer Rod
 []


Underfull \hbox (badness 10000) in paragraph at lines 167--167
[]\T1/cmr/m/n/10.95 Length 7
 []


Underfull \hbox (badness 2762) in paragraph at lines 167--167
\T1/cmr/m/n/10.95 cm, Di-am-
 []


Underfull \hbox (badness 10000) in paragraph at lines 167--167
\T1/cmr/m/n/10.95 e-ter < 9
 []


LaTeX Warning: Citation `CubeShop' on page 30 undefined on input line 169.


Overfull \hbox (5.69788pt too wide) in paragraph at lines 169--169
[]\T1/cmr/m/n/10.95 CubeTorquer
 []


Underfull \hbox (badness 10000) in paragraph at lines 169--169
[]\T1/cmr/m/n/10.95 22.25
 []


Underfull \hbox (badness 10000) in paragraph at lines 169--169
[]\T1/cmr/m/n/10.95 Length 60
 []


Underfull \hbox (badness 10000) in paragraph at lines 169--169
\T1/cmr/m/n/10.95 mm, Di-
 []


Underfull \hbox (badness 10000) in paragraph at lines 169--169
\T1/cmr/m/n/10.95 am-e-ter 10
 []


Package caption Warning: The option `hypcap=true' will be ignored for this
(caption)                particular \caption on input line 171.
See the caption package documentation for explanation.


Overfull \hbox (50.87338pt too wide) in paragraph at lines 158--171
 [] 
 []

[30]

LaTeX Warning: Citation `Spence' on page 31 undefined on input line 184.


Underfull \hbox (badness 10000) in paragraph at lines 184--184
[]\T1/cmr/m/n/10.95 Spence
 []


Underfull \hbox (badness 10000) in paragraph at lines 184--184
\T1/cmr/m/n/10.95 Pressure-
 []


Underfull \hbox (badness 10000) in paragraph at lines 184--184
\T1/cmr/m/n/10.95 fed elec-
 []


Underfull \hbox (badness 10000) in paragraph at lines 184--184
\T1/cmr/m/n/10.95 tro-spray
 []


Underfull \hbox (badness 10000) in paragraph at lines 184--184
[]\T1/cmr/m/n/10.95 <1.15
 []


Underfull \hbox (badness 10000) in paragraph at lines 184--184
[]\T1/cmr/m/n/10.95 0.56
 []


LaTeX Warning: Citation `Spence' on page 31 undefined on input line 186.


Underfull \hbox (badness 10000) in paragraph at lines 186--186
[]\T1/cmr/m/n/10.95 Micro-
 []


Underfull \hbox (badness 10000) in paragraph at lines 186--186
\T1/cmr/m/n/10.95 pulsed
 []


Underfull \hbox (badness 10000) in paragraph at lines 186--186
\T1/cmr/m/n/10.95 plasma
 []


Underfull \hbox (badness 10000) in paragraph at lines 186--186
[]\T1/cmr/m/n/10.95 <0.55
 []


LaTeX Warning: Citation `Spence' on page 31 undefined on input line 188.


Overfull \hbox (10.05457pt too wide) in paragraph at lines 188--188
[]\T1/cmr/m/n/10.95 Unpressurized
 []


Underfull \hbox (badness 10000) in paragraph at lines 188--188
\T1/cmr/m/n/10.95 (wick-ing
 []


Underfull \hbox (badness 10000) in paragraph at lines 188--188
\T1/cmr/m/n/10.95 feed) elec-
 []


Underfull \hbox (badness 10000) in paragraph at lines 188--188
\T1/cmr/m/n/10.95 tro-spray
 []


Underfull \hbox (badness 10000) in paragraph at lines 188--188
[]\T1/cmr/m/n/10.95 <0.4
 []


LaTeX Warning: Citation `Spence' on page 31 undefined on input line 191.


Overfull \hbox (13.99118pt too wide) in paragraph at lines 191--191
[]\T1/cmr/m/n/10.95 Microresistojet
 []


Underfull \hbox (badness 10000) in paragraph at lines 191--191
[]\T1/cmr/m/n/10.95 <
 []


Underfull \hbox (badness 10000) in paragraph at lines 191--191
\T1/cmr/m/n/10.95 1.25
 []


LaTeX Warning: Citation `Spence' on page 31 undefined on input line 194.


Underfull \hbox (badness 10000) in paragraph at lines 194--194
[]\T1/cmr/m/n/10.95 <1.25
 []


Underfull \hbox (badness 10000) in paragraph at lines 194--194
[]\T1/cmr/m/n/10.95 1.25
 []


LaTeX Warning: Citation `Spence' on page 31 undefined on input line 197.


Underfull \hbox (badness 10000) in paragraph at lines 197--197
[]\T1/cmr/m/n/10.95 Green
 []


Underfull \hbox (badness 10000) in paragraph at lines 197--197
\T1/cmr/m/n/10.95 mono-pro-
 []


Underfull \hbox (badness 10000) in paragraph at lines 197--197
\T1/cmr/m/n/10.95 pel-lant
 []


Underfull \hbox (badness 10000) in paragraph at lines 197--197
[]\T1/cmr/m/n/10.95 < 1
 []


LaTeX Warning: Citation `Spence' on page 31 undefined on input line 200.


Overfull \hbox (5.1585pt too wide) in paragraph at lines 200--200
[]\T1/cmr/m/n/10.95 Nanosatellite
 []


Underfull \hbox (badness 10000) in paragraph at lines 200--200
\T1/cmr/m/n/10.95 Mi-cro-
 []


Underfull \hbox (badness 10000) in paragraph at lines 200--200
\T1/cmr/m/n/10.95 propul-sion
 []


Underfull \hbox (badness 10000) in paragraph at lines 200--200
[]\T1/cmr/m/n/10.95 50s-
 []


Underfull \hbox (badness 10000) in paragraph at lines 200--200
[]\T1/cmr/m/n/10.95 nominal:
 []


Underfull \hbox (badness 1755) in paragraph at lines 200--200
\T1/cmr/m/n/10.95 100 uN to
 []


Overfull \hbox (55.29507pt too wide) in paragraph at lines 178--203
 [] 
 []

[31]

LaTeX Warning: Citation `Ref:thr9' on page 32 undefined on input line 213.


Underfull \hbox (badness 10000) in paragraph at lines 214--214
[]\T1/cmr/m/n/10.95 40x
 []


Underfull \hbox (badness 10000) in paragraph at lines 214--214
\T1/cmr/m/n/10.95 40x
 []


Overfull \hbox (0.57655pt too wide) in paragraph at lines 214--214
\T1/cmr/m/n/10.95 40mm| 
 []


LaTeX Warning: Citation `Ref:thr10' on page 32 undefined on input line 215.


Underfull \hbox (badness 10000) in paragraph at lines 215--215
[]\T1/cmr/m/n/10.95 YUsend-1
 []


Underfull \hbox (badness 10000) in paragraph at lines 220--226

 []

[32]
Package atveryend Info: Empty hook `BeforeClearDocument' on input line 227.
 [33]
Package atveryend Info: Empty hook `AfterLastShipout' on input line 227.

("E:\studies\UIUC\git_office_comp\Cubesats\Literature survey report new format\
main.aux")
Package atveryend Info: Executing hook `AtVeryEndDocument' on input line 227.
Package atveryend Info: Executing hook `AtEndAfterFileList' on input line 227.
Package rerunfilecheck Info: File `main.out' has not changed.
(rerunfilecheck)             Checksum: 93526D9E190B74ECBB638B64A045B98B;6772.


LaTeX Font Warning: Size substitutions with differences
(Font)              up to 1386.80779pt have occurred.


LaTeX Warning: There were undefined references.

Package atveryend Info: Empty hook `AtVeryVeryEnd' on input line 227.
 ) ) 
Here is how much of TeX's memory you used:
 9357 strings out of 494045
 137717 string characters out of 3148377
 239035 words of memory out of 3000000
 12338 multiletter control sequences out of 15000+200000
 16892 words of font info for 47 fonts, out of 3000000 for 9000
 715 hyphenation exceptions out of 8191
 44i,18n,45p,1079b,504s stack positions out of 5000i,500n,10000p,200000b,50000s
 <C:\Users\Prashant\AppData\Local\MiKTeX\2.9\fonts\pk\ljfour\jknappen\ec\dp
i600\tcrm1095.pk> <C:\Users\Prashant\AppData\Local\MiKTeX\2.9\fonts\pk\ljfour\j
knappen\ec\dpi600\ecbx1095.pk> <C:\Users\Prashant\AppData\Local\MiKTeX\2.9\font
s\pk\ljfour\jknappen\ec\dpi600\ecrm1095.pk> <C:\Users\Prashant\AppData\Local\Mi
KTeX\2.9\fonts\pk\ljfour\jknappen\ec\dpi600\ecbx1440.pk> <C:\Users\Prashant\App
Data\Local\MiKTeX\2.9\fonts\pk\ljfour\jknappen\ec\dpi600\ecbx1200.pk> <C:\Users
\Prashant\AppData\Local\MiKTeX\2.9\fonts\pk\ljfour\jknappen\ec\dpi600\ecbx3583.
pk><C:/Program Files/MiKTeX 2.9/fonts/type1/public/amsfonts/cm/cmmi10.pfb><C:/P
rogram Files/MiKTeX 2.9/fonts/type1/public/amsfonts/cm/cmmi8.pfb><C:/Program Fi
les/MiKTeX 2.9/fonts/type1/public/amsfonts/cm/cmr10.pfb><C:/Program Files/MiKTe
X 2.9/fonts/type1/public/amsfonts/cm/cmr8.pfb><C:/Program Files/MiKTeX 2.9/font
s/type1/public/amsfonts/cm/cmsy10.pfb>
Output written on main.pdf (33 pages, 946084 bytes).
PDF statistics:
 1002 PDF objects out of 1200 (max. 8388607)
 140 named destinations out of 1000 (max. 500000)
 610 words of extra memory for PDF output out of 10000 (max. 10000000)

